[2016-09-18 00:00:01][debug] 退款进入:
[2016-09-18 00:00:01][debug] 抽奖退款进入:
[2016-09-18 00:00:01][debug] 退款完毕:2016-09-18 00:00:01
[2016-09-18 00:00:01][debug] 自动开奖进入:
[2016-09-18 00:00:01][debug] 自动开奖结束:2016-09-18 00:00:01
[2016-09-18 00:00:01][debug] 抽奖退款完毕:2016-09-18 00:00:01
[2016-09-18 00:03:01][debug] 抽奖退款进入:
[2016-09-18 00:03:01][debug] 退款进入:
[2016-09-18 00:03:01][debug] 退款完毕:2016-09-18 00:03:01
[2016-09-18 00:03:01][debug] 自动开奖进入:
[2016-09-18 00:03:01][debug] 抽奖退款完毕:2016-09-18 00:03:01
[2016-09-18 00:03:01][debug] 自动开奖结束:2016-09-18 00:03:01
[2016-09-18 00:06:02][debug] 抽奖退款进入:
[2016-09-18 00:06:02][debug] 退款进入:
[2016-09-18 00:06:02][debug] 退款完毕:2016-09-18 00:06:02
[2016-09-18 00:06:02][debug] 自动开奖进入:
[2016-09-18 00:06:02][debug] 抽奖退款完毕:2016-09-18 00:06:02
[2016-09-18 00:06:02][debug] 自动开奖结束:2016-09-18 00:06:02
[2016-09-18 00:09:01][debug] 退款进入:
[2016-09-18 00:09:01][debug] 抽奖退款进入:
[2016-09-18 00:09:01][debug] 退款完毕:2016-09-18 00:09:01
[2016-09-18 00:09:01][debug] 自动开奖进入:
[2016-09-18 00:09:01][debug] 抽奖退款完毕:2016-09-18 00:09:01
[2016-09-18 00:09:01][debug] 自动开奖结束:2016-09-18 00:09:01
[2016-09-18 00:12:01][debug] 抽奖退款进入:
[2016-09-18 00:12:01][debug] 退款进入:
[2016-09-18 00:12:01][debug] 退款完毕:2016-09-18 00:12:01
[2016-09-18 00:12:01][debug] 自动开奖进入:
[2016-09-18 00:12:01][debug] 抽奖退款完毕:2016-09-18 00:12:01
[2016-09-18 00:12:01][debug] 自动开奖结束:2016-09-18 00:12:01
[2016-09-18 00:15:01][debug] 抽奖退款进入:
[2016-09-18 00:15:01][debug] 退款进入:
[2016-09-18 00:15:01][debug] 退款完毕:2016-09-18 00:15:01
[2016-09-18 00:15:01][debug] 自动开奖进入:
[2016-09-18 00:15:01][debug] 抽奖退款完毕:2016-09-18 00:15:01
[2016-09-18 00:15:01][debug] 自动开奖结束:2016-09-18 00:15:01
[2016-09-18 00:18:02][debug] 退款进入:
[2016-09-18 00:18:02][debug] 抽奖退款进入:
[2016-09-18 00:18:02][debug] 退款完毕:2016-09-18 00:18:02
[2016-09-18 00:18:02][debug] 自动开奖进入:
[2016-09-18 00:18:02][debug] 抽奖退款完毕:2016-09-18 00:18:02
[2016-09-18 00:18:02][debug] 自动开奖结束:2016-09-18 00:18:02
[2016-09-18 00:21:01][debug] 抽奖退款进入:
[2016-09-18 00:21:01][debug] 退款进入:
[2016-09-18 00:21:01][debug] 退款完毕:2016-09-18 00:21:01
[2016-09-18 00:21:01][debug] 自动开奖进入:
[2016-09-18 00:21:01][debug] 抽奖退款完毕:2016-09-18 00:21:01
[2016-09-18 00:21:01][debug] 自动开奖结束:2016-09-18 00:21:01
[2016-09-18 00:24:01][debug] 抽奖退款进入:
[2016-09-18 00:24:01][debug] 退款进入:
[2016-09-18 00:24:01][debug] 抽奖退款完毕:2016-09-18 00:24:01
[2016-09-18 00:24:01][debug] 退款完毕:2016-09-18 00:24:01
[2016-09-18 00:24:01][debug] 自动开奖进入:
[2016-09-18 00:24:01][debug] 自动开奖结束:2016-09-18 00:24:01
[2016-09-18 00:27:01][debug] 抽奖退款进入:
[2016-09-18 00:27:01][debug] 退款进入:
[2016-09-18 00:27:01][debug] 退款完毕:2016-09-18 00:27:01
[2016-09-18 00:27:01][debug] 自动开奖进入:
[2016-09-18 00:27:01][debug] 抽奖退款完毕:2016-09-18 00:27:01
[2016-09-18 00:27:01][debug] 自动开奖结束:2016-09-18 00:27:01
[2016-09-18 00:30:02][debug] 抽奖退款进入:
[2016-09-18 00:30:02][debug] 退款进入:
[2016-09-18 00:30:02][debug] 抽奖退款完毕:2016-09-18 00:30:02
[2016-09-18 00:30:02][debug] 退款完毕:2016-09-18 00:30:02
[2016-09-18 00:30:02][debug] 自动开奖进入:
[2016-09-18 00:30:02][debug] 自动开奖结束:2016-09-18 00:30:02
[2016-09-18 00:33:01][debug] 抽奖退款进入:
[2016-09-18 00:33:01][debug] 退款进入:
[2016-09-18 00:33:01][debug] 退款完毕:2016-09-18 00:33:01
[2016-09-18 00:33:01][debug] 自动开奖进入:
[2016-09-18 00:33:01][debug] 抽奖退款完毕:2016-09-18 00:33:01
[2016-09-18 00:33:01][debug] 自动开奖结束:2016-09-18 00:33:01
[2016-09-18 00:36:01][debug] 退款进入:
[2016-09-18 00:36:01][debug] 抽奖退款进入:
[2016-09-18 00:36:01][debug] 退款完毕:2016-09-18 00:36:01
[2016-09-18 00:36:01][debug] 自动开奖进入:
[2016-09-18 00:36:01][debug] 抽奖退款完毕:2016-09-18 00:36:01
[2016-09-18 00:36:01][debug] 自动开奖结束:2016-09-18 00:36:01
[2016-09-18 00:39:01][debug] 抽奖退款进入:
[2016-09-18 00:39:01][debug] 退款进入:
[2016-09-18 00:39:01][debug] 退款完毕:2016-09-18 00:39:01
[2016-09-18 00:39:01][debug] 自动开奖进入:
[2016-09-18 00:39:01][debug] 抽奖退款完毕:2016-09-18 00:39:01
[2016-09-18 00:39:01][debug] 自动开奖结束:2016-09-18 00:39:01
[2016-09-18 00:42:02][debug] 抽奖退款进入:
[2016-09-18 00:42:02][debug] 退款进入:
[2016-09-18 00:42:02][debug] 退款完毕:2016-09-18 00:42:02
[2016-09-18 00:42:02][debug] 自动开奖进入:
[2016-09-18 00:42:02][debug] 抽奖退款完毕:2016-09-18 00:42:02
[2016-09-18 00:42:02][debug] 自动开奖结束:2016-09-18 00:42:02
[2016-09-18 00:45:01][debug] 抽奖退款进入:
[2016-09-18 00:45:01][debug] 退款进入:
[2016-09-18 00:45:01][debug] 退款完毕:2016-09-18 00:45:01
[2016-09-18 00:45:01][debug] 自动开奖进入:
[2016-09-18 00:45:01][debug] 抽奖退款完毕:2016-09-18 00:45:01
[2016-09-18 00:45:01][debug] 自动开奖结束:2016-09-18 00:45:01
[2016-09-18 00:48:01][debug] 退款进入:
[2016-09-18 00:48:01][debug] 抽奖退款进入:
[2016-09-18 00:48:01][debug] 退款完毕:2016-09-18 00:48:01
[2016-09-18 00:48:01][debug] 自动开奖进入:
[2016-09-18 00:48:01][debug] 自动开奖结束:2016-09-18 00:48:01
[2016-09-18 00:48:01][debug] 抽奖退款完毕:2016-09-18 00:48:01
[2016-09-18 00:51:01][debug] 退款进入:
[2016-09-18 00:51:01][debug] 抽奖退款进入:
[2016-09-18 00:51:01][debug] 退款完毕:2016-09-18 00:51:01
[2016-09-18 00:51:01][debug] 自动开奖进入:
[2016-09-18 00:51:01][debug] 抽奖退款完毕:2016-09-18 00:51:01
[2016-09-18 00:51:01][debug] 自动开奖结束:2016-09-18 00:51:01
[2016-09-18 00:54:02][debug] 抽奖退款进入:
[2016-09-18 00:54:02][debug] 退款进入:
[2016-09-18 00:54:02][debug] 抽奖退款完毕:2016-09-18 00:54:02
[2016-09-18 00:54:02][debug] 退款完毕:2016-09-18 00:54:02
[2016-09-18 00:54:02][debug] 自动开奖进入:
[2016-09-18 00:54:02][debug] 自动开奖结束:2016-09-18 00:54:02
[2016-09-18 00:57:01][debug] 抽奖退款进入:
[2016-09-18 00:57:01][debug] 退款进入:
[2016-09-18 00:57:01][debug] 退款完毕:2016-09-18 00:57:01
[2016-09-18 00:57:01][debug] 自动开奖进入:
[2016-09-18 00:57:01][debug] 抽奖退款完毕:2016-09-18 00:57:01
[2016-09-18 00:57:01][debug] 自动开奖结束:2016-09-18 00:57:01
[2016-09-18 01:00:01][debug] 退款进入:
[2016-09-18 01:00:01][debug] 抽奖退款进入:
[2016-09-18 01:00:01][debug] 退款完毕:2016-09-18 01:00:01
[2016-09-18 01:00:01][debug] 自动开奖进入:
[2016-09-18 01:00:01][debug] 抽奖退款完毕:2016-09-18 01:00:01
[2016-09-18 01:00:02][debug] 自动开奖结束:2016-09-18 01:00:02
[2016-09-18 01:03:02][debug] 退款进入:
[2016-09-18 01:03:02][debug] 抽奖退款进入:
[2016-09-18 01:03:02][debug] 退款完毕:2016-09-18 01:03:02
[2016-09-18 01:03:02][debug] 自动开奖进入:
[2016-09-18 01:03:02][debug] 抽奖退款完毕:2016-09-18 01:03:02
[2016-09-18 01:03:02][debug] 自动开奖结束:2016-09-18 01:03:02
[2016-09-18 01:06:01][debug] 退款进入:
[2016-09-18 01:06:01][debug] 抽奖退款进入:
[2016-09-18 01:06:01][debug] 退款完毕:2016-09-18 01:06:01
[2016-09-18 01:06:01][debug] 自动开奖进入:
[2016-09-18 01:06:01][debug] 抽奖退款完毕:2016-09-18 01:06:01
[2016-09-18 01:06:01][debug] 自动开奖结束:2016-09-18 01:06:01
[2016-09-18 01:09:01][debug] 抽奖退款进入:
[2016-09-18 01:09:01][debug] 退款进入:
[2016-09-18 01:09:01][debug] 退款完毕:2016-09-18 01:09:01
[2016-09-18 01:09:01][debug] 自动开奖进入:
[2016-09-18 01:09:01][debug] 抽奖退款完毕:2016-09-18 01:09:01
[2016-09-18 01:09:01][debug] 自动开奖结束:2016-09-18 01:09:01
[2016-09-18 01:12:01][debug] 抽奖退款进入:
[2016-09-18 01:12:01][debug] 退款进入:
[2016-09-18 01:12:01][debug] 抽奖退款完毕:2016-09-18 01:12:01
[2016-09-18 01:12:01][debug] 退款完毕:2016-09-18 01:12:01
[2016-09-18 01:12:01][debug] 自动开奖进入:
[2016-09-18 01:12:01][debug] 自动开奖结束:2016-09-18 01:12:01
[2016-09-18 01:15:02][debug] 退款进入:
[2016-09-18 01:15:02][debug] 抽奖退款进入:
[2016-09-18 01:15:02][debug] 退款完毕:2016-09-18 01:15:02
[2016-09-18 01:15:02][debug] 自动开奖进入:
[2016-09-18 01:15:02][debug] 抽奖退款完毕:2016-09-18 01:15:02
[2016-09-18 01:15:02][debug] 自动开奖结束:2016-09-18 01:15:02
[2016-09-18 01:18:01][debug] 退款进入:
[2016-09-18 01:18:01][debug] 抽奖退款进入:
[2016-09-18 01:18:01][debug] 退款完毕:2016-09-18 01:18:01
[2016-09-18 01:18:01][debug] 自动开奖进入:
[2016-09-18 01:18:01][debug] 抽奖退款完毕:2016-09-18 01:18:01
[2016-09-18 01:18:01][debug] 自动开奖结束:2016-09-18 01:18:01
[2016-09-18 01:21:01][debug] 退款进入:
[2016-09-18 01:21:01][debug] 抽奖退款进入:
[2016-09-18 01:21:01][debug] 退款完毕:2016-09-18 01:21:01
[2016-09-18 01:21:01][debug] 自动开奖进入:
[2016-09-18 01:21:01][debug] 抽奖退款完毕:2016-09-18 01:21:01
[2016-09-18 01:21:01][debug] 自动开奖结束:2016-09-18 01:21:01
[2016-09-18 01:24:01][debug] 抽奖退款进入:
[2016-09-18 01:24:01][debug] 退款进入:
[2016-09-18 01:24:01][debug] 抽奖退款完毕:2016-09-18 01:24:01
[2016-09-18 01:24:01][debug] 退款完毕:2016-09-18 01:24:01
[2016-09-18 01:24:01][debug] 自动开奖进入:
[2016-09-18 01:24:01][debug] 自动开奖结束:2016-09-18 01:24:01
[2016-09-18 01:27:02][debug] 抽奖退款进入:
[2016-09-18 01:27:02][debug] 退款进入:
[2016-09-18 01:27:02][debug] 退款完毕:2016-09-18 01:27:02
[2016-09-18 01:27:02][debug] 自动开奖进入:
[2016-09-18 01:27:02][debug] 抽奖退款完毕:2016-09-18 01:27:02
[2016-09-18 01:27:02][debug] 自动开奖结束:2016-09-18 01:27:02
[2016-09-18 01:30:01][debug] 抽奖退款进入:
[2016-09-18 01:30:01][debug] 退款进入:
[2016-09-18 01:30:01][debug] 抽奖退款完毕:2016-09-18 01:30:01
[2016-09-18 01:30:01][debug] 退款完毕:2016-09-18 01:30:01
[2016-09-18 01:30:01][debug] 自动开奖进入:
[2016-09-18 01:30:01][debug] 自动开奖结束:2016-09-18 01:30:01
[2016-09-18 01:33:01][debug] 退款进入:
[2016-09-18 01:33:01][debug] 抽奖退款进入:
[2016-09-18 01:33:01][debug] 退款完毕:2016-09-18 01:33:01
[2016-09-18 01:33:01][debug] 自动开奖进入:
[2016-09-18 01:33:01][debug] 抽奖退款完毕:2016-09-18 01:33:01
[2016-09-18 01:33:01][debug] 自动开奖结束:2016-09-18 01:33:01
[2016-09-18 01:36:01][debug] 抽奖退款进入:
[2016-09-18 01:36:02][debug] 退款进入:
[2016-09-18 01:36:02][debug] 退款完毕:2016-09-18 01:36:02
[2016-09-18 01:36:02][debug] 自动开奖进入:
[2016-09-18 01:36:02][debug] 抽奖退款完毕:2016-09-18 01:36:02
[2016-09-18 01:36:02][debug] 自动开奖结束:2016-09-18 01:36:02
[2016-09-18 01:39:01][debug] 退款进入:
[2016-09-18 01:39:01][debug] 抽奖退款进入:
[2016-09-18 01:39:01][debug] 退款完毕:2016-09-18 01:39:01
[2016-09-18 01:39:01][debug] 自动开奖进入:
[2016-09-18 01:39:01][debug] 抽奖退款完毕:2016-09-18 01:39:01
[2016-09-18 01:39:01][debug] 自动开奖结束:2016-09-18 01:39:01
[2016-09-18 01:42:01][debug] 抽奖退款进入:
[2016-09-18 01:42:01][debug] 退款进入:
[2016-09-18 01:42:01][debug] 退款完毕:2016-09-18 01:42:01
[2016-09-18 01:42:01][debug] 自动开奖进入:
[2016-09-18 01:42:01][debug] 抽奖退款完毕:2016-09-18 01:42:01
[2016-09-18 01:42:01][debug] 自动开奖结束:2016-09-18 01:42:01
[2016-09-18 01:45:01][debug] 退款进入:
[2016-09-18 01:45:01][debug] 抽奖退款进入:
[2016-09-18 01:45:01][debug] 退款完毕:2016-09-18 01:45:01
[2016-09-18 01:45:01][debug] 自动开奖进入:
[2016-09-18 01:45:01][debug] 抽奖退款完毕:2016-09-18 01:45:01
[2016-09-18 01:45:01][debug] 自动开奖结束:2016-09-18 01:45:01
[2016-09-18 01:48:02][debug] 抽奖退款进入:
[2016-09-18 01:48:02][debug] 退款进入:
[2016-09-18 01:48:02][debug] 抽奖退款完毕:2016-09-18 01:48:02
[2016-09-18 01:48:02][debug] 退款完毕:2016-09-18 01:48:02
[2016-09-18 01:48:02][debug] 自动开奖进入:
[2016-09-18 01:48:02][debug] 自动开奖结束:2016-09-18 01:48:02
[2016-09-18 01:51:01][debug] 退款进入:
[2016-09-18 01:51:01][debug] 抽奖退款进入:
[2016-09-18 01:51:01][debug] 退款完毕:2016-09-18 01:51:01
[2016-09-18 01:51:01][debug] 自动开奖进入:
[2016-09-18 01:51:01][debug] 抽奖退款完毕:2016-09-18 01:51:01
[2016-09-18 01:51:01][debug] 自动开奖结束:2016-09-18 01:51:01
[2016-09-18 01:54:01][debug] 抽奖退款进入:
[2016-09-18 01:54:01][debug] 退款进入:
[2016-09-18 01:54:01][debug] 退款完毕:2016-09-18 01:54:01
[2016-09-18 01:54:01][debug] 自动开奖进入:
[2016-09-18 01:54:01][debug] 抽奖退款完毕:2016-09-18 01:54:01
[2016-09-18 01:54:01][debug] 自动开奖结束:2016-09-18 01:54:01
[2016-09-18 01:57:01][debug] 退款进入:
[2016-09-18 01:57:01][debug] 抽奖退款进入:
[2016-09-18 01:57:01][debug] 退款完毕:2016-09-18 01:57:01
[2016-09-18 01:57:01][debug] 自动开奖进入:
[2016-09-18 01:57:01][debug] 抽奖退款完毕:2016-09-18 01:57:01
[2016-09-18 01:57:01][debug] 自动开奖结束:2016-09-18 01:57:01
[2016-09-18 02:00:01][debug] 退款进入:
[2016-09-18 02:00:01][debug] 抽奖退款进入:
[2016-09-18 02:00:01][debug] 商家结算进入:2016-09-18 02:00:01
[2016-09-18 02:00:01][debug] 退款完毕:2016-09-18 02:00:01
[2016-09-18 02:00:01][debug] 自动开奖进入:
[2016-09-18 02:00:01][debug] 抽奖退款完毕:2016-09-18 02:00:01
[2016-09-18 02:00:01][debug] 自动开奖结束:2016-09-18 02:00:01
[2016-09-18 02:00:01][debug] 商家结算完毕:2016-09-18 02:00:01
[2016-09-18 02:03:01][debug] 抽奖退款进入:
[2016-09-18 02:03:01][debug] 退款进入:
[2016-09-18 02:03:01][debug] 退款完毕:2016-09-18 02:03:01
[2016-09-18 02:03:01][debug] 自动开奖进入:
[2016-09-18 02:03:01][debug] 抽奖退款完毕:2016-09-18 02:03:01
[2016-09-18 02:03:01][debug] 自动开奖结束:2016-09-18 02:03:01
[2016-09-18 02:06:01][debug] 抽奖退款进入:
[2016-09-18 02:06:01][debug] 退款进入:
[2016-09-18 02:06:01][debug] 抽奖退款完毕:2016-09-18 02:06:01
[2016-09-18 02:06:01][debug] 退款完毕:2016-09-18 02:06:01
[2016-09-18 02:06:01][debug] 自动开奖进入:
[2016-09-18 02:06:01][debug] 自动开奖结束:2016-09-18 02:06:01
[2016-09-18 02:09:01][debug] 抽奖退款进入:
[2016-09-18 02:09:01][debug] 退款进入:
[2016-09-18 02:09:01][debug] 退款完毕:2016-09-18 02:09:01
[2016-09-18 02:09:01][debug] 自动开奖进入:
[2016-09-18 02:09:01][debug] 抽奖退款完毕:2016-09-18 02:09:01
[2016-09-18 02:09:01][debug] 自动开奖结束:2016-09-18 02:09:01
[2016-09-18 02:12:01][debug] 抽奖退款进入:
[2016-09-18 02:12:01][debug] 退款进入:
[2016-09-18 02:12:01][debug] 退款完毕:2016-09-18 02:12:01
[2016-09-18 02:12:01][debug] 自动开奖进入:
[2016-09-18 02:12:01][debug] 抽奖退款完毕:2016-09-18 02:12:01
[2016-09-18 02:12:01][debug] 自动开奖结束:2016-09-18 02:12:01
[2016-09-18 02:15:01][debug] 抽奖退款进入:
[2016-09-18 02:15:01][debug] 退款进入:
[2016-09-18 02:15:01][debug] 抽奖退款完毕:2016-09-18 02:15:01
[2016-09-18 02:15:01][debug] 退款完毕:2016-09-18 02:15:01
[2016-09-18 02:15:01][debug] 自动开奖进入:
[2016-09-18 02:15:01][debug] 自动开奖结束:2016-09-18 02:15:01
[2016-09-18 02:18:01][debug] 抽奖退款进入:
[2016-09-18 02:18:01][debug] 退款进入:
[2016-09-18 02:18:01][debug] 退款完毕:2016-09-18 02:18:01
[2016-09-18 02:18:01][debug] 自动开奖进入:
[2016-09-18 02:18:01][debug] 抽奖退款完毕:2016-09-18 02:18:01
[2016-09-18 02:18:01][debug] 自动开奖结束:2016-09-18 02:18:01
[2016-09-18 02:21:01][debug] 抽奖退款进入:
[2016-09-18 02:21:01][debug] 退款进入:
[2016-09-18 02:21:01][debug] 退款完毕:2016-09-18 02:21:01
[2016-09-18 02:21:01][debug] 自动开奖进入:
[2016-09-18 02:21:01][debug] 抽奖退款完毕:2016-09-18 02:21:01
[2016-09-18 02:21:01][debug] 自动开奖结束:2016-09-18 02:21:01
[2016-09-18 02:24:01][debug] 退款进入:
[2016-09-18 02:24:01][debug] 抽奖退款进入:
[2016-09-18 02:24:01][debug] 退款完毕:2016-09-18 02:24:01
[2016-09-18 02:24:01][debug] 自动开奖进入:
[2016-09-18 02:24:01][debug] 自动开奖结束:2016-09-18 02:24:01
[2016-09-18 02:24:01][debug] 抽奖退款完毕:2016-09-18 02:24:01
[2016-09-18 02:27:01][debug] 退款进入:
[2016-09-18 02:27:01][debug] 抽奖退款进入:
[2016-09-18 02:27:01][debug] 退款完毕:2016-09-18 02:27:01
[2016-09-18 02:27:01][debug] 自动开奖进入:
[2016-09-18 02:27:01][debug] 抽奖退款完毕:2016-09-18 02:27:01
[2016-09-18 02:27:01][debug] 自动开奖结束:2016-09-18 02:27:01
[2016-09-18 02:30:01][debug] 退款进入:
[2016-09-18 02:30:01][debug] 抽奖退款进入:
[2016-09-18 02:30:01][debug] 退款完毕:2016-09-18 02:30:01
[2016-09-18 02:30:01][debug] 自动开奖进入:
[2016-09-18 02:30:01][debug] 自动开奖结束:2016-09-18 02:30:01
[2016-09-18 02:30:01][debug] 抽奖退款完毕:2016-09-18 02:30:01
[2016-09-18 02:33:02][debug] 退款进入:
[2016-09-18 02:33:02][debug] 抽奖退款进入:
[2016-09-18 02:33:02][debug] 退款完毕:2016-09-18 02:33:02
[2016-09-18 02:33:02][debug] 自动开奖进入:
[2016-09-18 02:33:02][debug] 抽奖退款完毕:2016-09-18 02:33:02
[2016-09-18 02:33:02][debug] 自动开奖结束:2016-09-18 02:33:02
[2016-09-18 02:36:01][debug] 退款进入:
[2016-09-18 02:36:01][debug] 抽奖退款进入:
[2016-09-18 02:36:01][debug] 退款完毕:2016-09-18 02:36:01
[2016-09-18 02:36:01][debug] 自动开奖进入:
[2016-09-18 02:36:01][debug] 抽奖退款完毕:2016-09-18 02:36:01
[2016-09-18 02:36:01][debug] 自动开奖结束:2016-09-18 02:36:01
[2016-09-18 02:39:01][debug] 退款进入:
[2016-09-18 02:39:01][debug] 抽奖退款进入:
[2016-09-18 02:39:01][debug] 退款完毕:2016-09-18 02:39:01
[2016-09-18 02:39:01][debug] 自动开奖进入:
[2016-09-18 02:39:01][debug] 抽奖退款完毕:2016-09-18 02:39:01
[2016-09-18 02:39:01][debug] 自动开奖结束:2016-09-18 02:39:01
[2016-09-18 02:42:02][debug] 抽奖退款进入:
[2016-09-18 02:42:02][debug] 退款进入:
[2016-09-18 02:42:02][debug] 抽奖退款完毕:2016-09-18 02:42:02
[2016-09-18 02:42:02][debug] 退款完毕:2016-09-18 02:42:02
[2016-09-18 02:42:02][debug] 自动开奖进入:
[2016-09-18 02:42:02][debug] 自动开奖结束:2016-09-18 02:42:02
[2016-09-18 02:45:01][debug] 抽奖退款进入:
[2016-09-18 02:45:01][debug] 退款进入:
[2016-09-18 02:45:01][debug] 退款完毕:2016-09-18 02:45:01
[2016-09-18 02:45:01][debug] 自动开奖进入:
[2016-09-18 02:45:01][debug] 抽奖退款完毕:2016-09-18 02:45:01
[2016-09-18 02:45:01][debug] 自动开奖结束:2016-09-18 02:45:01
[2016-09-18 02:48:01][debug] 抽奖退款进入:
[2016-09-18 02:48:01][debug] 退款进入:
[2016-09-18 02:48:01][debug] 抽奖退款完毕:2016-09-18 02:48:01
[2016-09-18 02:48:01][debug] 退款完毕:2016-09-18 02:48:01
[2016-09-18 02:48:01][debug] 自动开奖进入:
[2016-09-18 02:48:01][debug] 自动开奖结束:2016-09-18 02:48:01
[2016-09-18 02:51:02][debug] 抽奖退款进入:
[2016-09-18 02:51:02][debug] 退款进入:
[2016-09-18 02:51:02][debug] 抽奖退款完毕:2016-09-18 02:51:02
[2016-09-18 02:51:02][debug] 退款完毕:2016-09-18 02:51:02
[2016-09-18 02:51:02][debug] 自动开奖进入:
[2016-09-18 02:51:02][debug] 自动开奖结束:2016-09-18 02:51:02
[2016-09-18 02:54:01][debug] 抽奖退款进入:
[2016-09-18 02:54:01][debug] 退款进入:
[2016-09-18 02:54:01][debug] 退款完毕:2016-09-18 02:54:01
[2016-09-18 02:54:01][debug] 自动开奖进入:
[2016-09-18 02:54:01][debug] 抽奖退款完毕:2016-09-18 02:54:01
[2016-09-18 02:54:01][debug] 自动开奖结束:2016-09-18 02:54:01
[2016-09-18 02:57:01][debug] 抽奖退款进入:
[2016-09-18 02:57:01][debug] 退款进入:
[2016-09-18 02:57:01][debug] 退款完毕:2016-09-18 02:57:01
[2016-09-18 02:57:01][debug] 自动开奖进入:
[2016-09-18 02:57:01][debug] 抽奖退款完毕:2016-09-18 02:57:01
[2016-09-18 02:57:01][debug] 自动开奖结束:2016-09-18 02:57:01
[2016-09-18 03:00:01][debug] 抽奖退款进入:
[2016-09-18 03:00:01][debug] 退款进入:
[2016-09-18 03:00:01][debug] 抽奖退款完毕:2016-09-18 03:00:01
[2016-09-18 03:00:01][debug] 退款完毕:2016-09-18 03:00:01
[2016-09-18 03:00:01][debug] 自动开奖进入:
[2016-09-18 03:00:01][debug] 自动开奖结束:2016-09-18 03:00:01
[2016-09-18 03:03:02][debug] 抽奖退款进入:
[2016-09-18 03:03:02][debug] 退款进入:
[2016-09-18 03:03:02][debug] 退款完毕:2016-09-18 03:03:02
[2016-09-18 03:03:02][debug] 自动开奖进入:
[2016-09-18 03:03:02][debug] 抽奖退款完毕:2016-09-18 03:03:02
[2016-09-18 03:03:02][debug] 自动开奖结束:2016-09-18 03:03:02
[2016-09-18 03:06:01][debug] 抽奖退款进入:
[2016-09-18 03:06:01][debug] 退款进入:
[2016-09-18 03:06:01][debug] 抽奖退款完毕:2016-09-18 03:06:01
[2016-09-18 03:06:01][debug] 退款完毕:2016-09-18 03:06:01
[2016-09-18 03:06:01][debug] 自动开奖进入:
[2016-09-18 03:06:01][debug] 自动开奖结束:2016-09-18 03:06:01
[2016-09-18 03:09:01][debug] 抽奖退款进入:
[2016-09-18 03:09:01][debug] 退款进入:
[2016-09-18 03:09:01][debug] 退款完毕:2016-09-18 03:09:01
[2016-09-18 03:09:01][debug] 自动开奖进入:
[2016-09-18 03:09:01][debug] 抽奖退款完毕:2016-09-18 03:09:01
[2016-09-18 03:09:01][debug] 自动开奖结束:2016-09-18 03:09:01
[2016-09-18 03:12:01][debug] 抽奖退款进入:
[2016-09-18 03:12:01][debug] 退款进入:
[2016-09-18 03:12:01][debug] 退款完毕:2016-09-18 03:12:01
[2016-09-18 03:12:01][debug] 自动开奖进入:
[2016-09-18 03:12:01][debug] 抽奖退款完毕:2016-09-18 03:12:01
[2016-09-18 03:12:01][debug] 自动开奖结束:2016-09-18 03:12:01
[2016-09-18 03:15:01][debug] 退款进入:
[2016-09-18 03:15:01][debug] 抽奖退款进入:
[2016-09-18 03:15:01][debug] 退款完毕:2016-09-18 03:15:01
[2016-09-18 03:15:01][debug] 自动开奖进入:
[2016-09-18 03:15:01][debug] 抽奖退款完毕:2016-09-18 03:15:01
[2016-09-18 03:15:01][debug] 自动开奖结束:2016-09-18 03:15:01
[2016-09-18 03:18:01][debug] 抽奖退款进入:
[2016-09-18 03:18:01][debug] 退款进入:
[2016-09-18 03:18:01][debug] 退款完毕:2016-09-18 03:18:01
[2016-09-18 03:18:01][debug] 自动开奖进入:
[2016-09-18 03:18:01][debug] 抽奖退款完毕:2016-09-18 03:18:01
[2016-09-18 03:18:01][debug] 自动开奖结束:2016-09-18 03:18:01
[2016-09-18 03:21:01][debug] 抽奖退款进入:
[2016-09-18 03:21:01][debug] 退款进入:
[2016-09-18 03:21:01][debug] 退款完毕:2016-09-18 03:21:01
[2016-09-18 03:21:01][debug] 自动开奖进入:
[2016-09-18 03:21:01][debug] 抽奖退款完毕:2016-09-18 03:21:01
[2016-09-18 03:21:01][debug] 自动开奖结束:2016-09-18 03:21:01
[2016-09-18 03:24:02][debug] 抽奖退款进入:
[2016-09-18 03:24:02][debug] 退款进入:
[2016-09-18 03:24:02][debug] 退款完毕:2016-09-18 03:24:02
[2016-09-18 03:24:02][debug] 自动开奖进入:
[2016-09-18 03:24:02][debug] 自动开奖结束:2016-09-18 03:24:02
[2016-09-18 03:24:02][debug] 抽奖退款完毕:2016-09-18 03:24:02
[2016-09-18 03:27:01][debug] 退款进入:
[2016-09-18 03:27:01][debug] 抽奖退款进入:
[2016-09-18 03:27:01][debug] 退款完毕:2016-09-18 03:27:01
[2016-09-18 03:27:01][debug] 自动开奖进入:
[2016-09-18 03:27:01][debug] 抽奖退款完毕:2016-09-18 03:27:01
[2016-09-18 03:27:01][debug] 自动开奖结束:2016-09-18 03:27:01
[2016-09-18 03:30:02][debug] 抽奖退款进入:
[2016-09-18 03:30:02][debug] 退款进入:
[2016-09-18 03:30:02][debug] 退款完毕:2016-09-18 03:30:02
[2016-09-18 03:30:02][debug] 自动开奖进入:
[2016-09-18 03:30:02][debug] 抽奖退款完毕:2016-09-18 03:30:02
[2016-09-18 03:30:02][debug] 自动开奖结束:2016-09-18 03:30:02
[2016-09-18 03:33:01][debug] 抽奖退款进入:
[2016-09-18 03:33:01][debug] 退款进入:
[2016-09-18 03:33:01][debug] 退款完毕:2016-09-18 03:33:01
[2016-09-18 03:33:01][debug] 自动开奖进入:
[2016-09-18 03:33:01][debug] 抽奖退款完毕:2016-09-18 03:33:01
[2016-09-18 03:33:01][debug] 自动开奖结束:2016-09-18 03:33:01
[2016-09-18 03:36:01][debug] 抽奖退款进入:
[2016-09-18 03:36:01][debug] 退款进入:
[2016-09-18 03:36:01][debug] 退款完毕:2016-09-18 03:36:01
[2016-09-18 03:36:01][debug] 自动开奖进入:
[2016-09-18 03:36:01][debug] 抽奖退款完毕:2016-09-18 03:36:01
[2016-09-18 03:36:01][debug] 自动开奖结束:2016-09-18 03:36:01
[2016-09-18 03:39:02][debug] 退款进入:
[2016-09-18 03:39:02][debug] 抽奖退款进入:
[2016-09-18 03:39:02][debug] 退款完毕:2016-09-18 03:39:02
[2016-09-18 03:39:02][debug] 自动开奖进入:
[2016-09-18 03:39:02][debug] 抽奖退款完毕:2016-09-18 03:39:02
[2016-09-18 03:39:02][debug] 自动开奖结束:2016-09-18 03:39:02
[2016-09-18 03:42:01][debug] 抽奖退款进入:
[2016-09-18 03:42:01][debug] 退款进入:
[2016-09-18 03:42:01][debug] 退款完毕:2016-09-18 03:42:01
[2016-09-18 03:42:01][debug] 自动开奖进入:
[2016-09-18 03:42:01][debug] 抽奖退款完毕:2016-09-18 03:42:01
[2016-09-18 03:42:01][debug] 自动开奖结束:2016-09-18 03:42:01
[2016-09-18 03:45:01][debug] 抽奖退款进入:
[2016-09-18 03:45:01][debug] 退款进入:
[2016-09-18 03:45:01][debug] 退款完毕:2016-09-18 03:45:01
[2016-09-18 03:45:01][debug] 自动开奖进入:
[2016-09-18 03:45:01][debug] 抽奖退款完毕:2016-09-18 03:45:01
[2016-09-18 03:45:01][debug] 自动开奖结束:2016-09-18 03:45:01
[2016-09-18 03:48:02][debug] 抽奖退款进入:
[2016-09-18 03:48:02][debug] 退款进入:
[2016-09-18 03:48:02][debug] 退款完毕:2016-09-18 03:48:02
[2016-09-18 03:48:02][debug] 自动开奖进入:
[2016-09-18 03:48:02][debug] 抽奖退款完毕:2016-09-18 03:48:02
[2016-09-18 03:48:02][debug] 自动开奖结束:2016-09-18 03:48:02
[2016-09-18 03:51:01][debug] 退款进入:
[2016-09-18 03:51:01][debug] 抽奖退款进入:
[2016-09-18 03:51:01][debug] 退款完毕:2016-09-18 03:51:01
[2016-09-18 03:51:01][debug] 自动开奖进入:
[2016-09-18 03:51:01][debug] 抽奖退款完毕:2016-09-18 03:51:01
[2016-09-18 03:51:01][debug] 自动开奖结束:2016-09-18 03:51:01
[2016-09-18 03:54:01][debug] 抽奖退款进入:
[2016-09-18 03:54:01][debug] 退款进入:
[2016-09-18 03:54:01][debug] 退款完毕:2016-09-18 03:54:01
[2016-09-18 03:54:01][debug] 自动开奖进入:
[2016-09-18 03:54:01][debug] 抽奖退款完毕:2016-09-18 03:54:01
[2016-09-18 03:54:01][debug] 自动开奖结束:2016-09-18 03:54:01
[2016-09-18 03:57:01][debug] 抽奖退款进入:
[2016-09-18 03:57:01][debug] 退款进入:
[2016-09-18 03:57:02][debug] 退款完毕:2016-09-18 03:57:02
[2016-09-18 03:57:02][debug] 自动开奖进入:
[2016-09-18 03:57:02][debug] 抽奖退款完毕:2016-09-18 03:57:02
[2016-09-18 03:57:02][debug] 自动开奖结束:2016-09-18 03:57:02
[2016-09-18 04:00:01][debug] 抽奖退款进入:
[2016-09-18 04:00:01][debug] 退款进入:
[2016-09-18 04:00:01][debug] 退款完毕:2016-09-18 04:00:01
[2016-09-18 04:00:01][debug] 自动开奖进入:
[2016-09-18 04:00:01][debug] 抽奖退款完毕:2016-09-18 04:00:01
[2016-09-18 04:00:01][debug] 自动开奖结束:2016-09-18 04:00:01
[2016-09-18 04:03:01][debug] 抽奖退款进入:
[2016-09-18 04:03:01][debug] 退款进入:
[2016-09-18 04:03:01][debug] 抽奖退款完毕:2016-09-18 04:03:01
[2016-09-18 04:03:01][debug] 退款完毕:2016-09-18 04:03:01
[2016-09-18 04:03:01][debug] 自动开奖进入:
[2016-09-18 04:03:01][debug] 自动开奖结束:2016-09-18 04:03:01
[2016-09-18 04:06:01][debug] 抽奖退款进入:
[2016-09-18 04:06:01][debug] 退款进入:
[2016-09-18 04:06:01][debug] 退款完毕:2016-09-18 04:06:01
[2016-09-18 04:06:01][debug] 抽奖退款完毕:2016-09-18 04:06:01
[2016-09-18 04:06:01][debug] 自动开奖进入:
[2016-09-18 04:06:01][debug] 自动开奖结束:2016-09-18 04:06:01
[2016-09-18 04:09:02][debug] 抽奖退款进入:
[2016-09-18 04:09:02][debug] 退款进入:
[2016-09-18 04:09:02][debug] 退款完毕:2016-09-18 04:09:02
[2016-09-18 04:09:02][debug] 自动开奖进入:
[2016-09-18 04:09:02][debug] 抽奖退款完毕:2016-09-18 04:09:02
[2016-09-18 04:09:02][debug] 自动开奖结束:2016-09-18 04:09:02
[2016-09-18 04:12:01][debug] 退款进入:
[2016-09-18 04:12:01][debug] 抽奖退款进入:
[2016-09-18 04:12:01][debug] 退款完毕:2016-09-18 04:12:01
[2016-09-18 04:12:01][debug] 自动开奖进入:
[2016-09-18 04:12:01][debug] 抽奖退款完毕:2016-09-18 04:12:01
[2016-09-18 04:12:01][debug] 自动开奖结束:2016-09-18 04:12:01
[2016-09-18 04:15:01][debug] 抽奖退款进入:
[2016-09-18 04:15:01][debug] 退款进入:
[2016-09-18 04:15:01][debug] 退款完毕:2016-09-18 04:15:01
[2016-09-18 04:15:01][debug] 自动开奖进入:
[2016-09-18 04:15:01][debug] 抽奖退款完毕:2016-09-18 04:15:01
[2016-09-18 04:15:01][debug] 自动开奖结束:2016-09-18 04:15:01
[2016-09-18 04:18:01][debug] 退款进入:
[2016-09-18 04:18:01][debug] 抽奖退款进入:
[2016-09-18 04:18:01][debug] 退款完毕:2016-09-18 04:18:01
[2016-09-18 04:18:01][debug] 自动开奖进入:
[2016-09-18 04:18:01][debug] 抽奖退款完毕:2016-09-18 04:18:01
[2016-09-18 04:18:01][debug] 自动开奖结束:2016-09-18 04:18:01
[2016-09-18 04:21:02][debug] 抽奖退款进入:
[2016-09-18 04:21:02][debug] 退款进入:
[2016-09-18 04:21:02][debug] 退款完毕:2016-09-18 04:21:02
[2016-09-18 04:21:02][debug] 自动开奖进入:
[2016-09-18 04:21:02][debug] 抽奖退款完毕:2016-09-18 04:21:02
[2016-09-18 04:21:02][debug] 自动开奖结束:2016-09-18 04:21:02
[2016-09-18 04:24:01][debug] 退款进入:
[2016-09-18 04:24:01][debug] 抽奖退款进入:
[2016-09-18 04:24:01][debug] 退款完毕:2016-09-18 04:24:01
[2016-09-18 04:24:01][debug] 自动开奖进入:
[2016-09-18 04:24:01][debug] 抽奖退款完毕:2016-09-18 04:24:01
[2016-09-18 04:24:01][debug] 自动开奖结束:2016-09-18 04:24:01
[2016-09-18 04:27:01][debug] 抽奖退款进入:
[2016-09-18 04:27:01][debug] 退款进入:
[2016-09-18 04:27:01][debug] 抽奖退款完毕:2016-09-18 04:27:01
[2016-09-18 04:27:01][debug] 退款完毕:2016-09-18 04:27:01
[2016-09-18 04:27:01][debug] 自动开奖进入:
[2016-09-18 04:27:01][debug] 自动开奖结束:2016-09-18 04:27:01
[2016-09-18 04:30:02][debug] 抽奖退款进入:
[2016-09-18 04:30:02][debug] 退款进入:
[2016-09-18 04:30:02][debug] 抽奖退款完毕:2016-09-18 04:30:02
[2016-09-18 04:30:02][debug] 退款完毕:2016-09-18 04:30:02
[2016-09-18 04:30:02][debug] 自动开奖进入:
[2016-09-18 04:30:02][debug] 自动开奖结束:2016-09-18 04:30:02
[2016-09-18 04:33:01][debug] 退款进入:
[2016-09-18 04:33:01][debug] 抽奖退款进入:
[2016-09-18 04:33:01][debug] 退款完毕:2016-09-18 04:33:01
[2016-09-18 04:33:01][debug] 自动开奖进入:
[2016-09-18 04:33:01][debug] 抽奖退款完毕:2016-09-18 04:33:01
[2016-09-18 04:33:01][debug] 自动开奖结束:2016-09-18 04:33:01
[2016-09-18 04:36:01][debug] 抽奖退款进入:
[2016-09-18 04:36:01][debug] 退款进入:
[2016-09-18 04:36:01][debug] 退款完毕:2016-09-18 04:36:01
[2016-09-18 04:36:01][debug] 自动开奖进入:
[2016-09-18 04:36:01][debug] 抽奖退款完毕:2016-09-18 04:36:01
[2016-09-18 04:36:01][debug] 自动开奖结束:2016-09-18 04:36:01
[2016-09-18 04:39:01][debug] 抽奖退款进入:
[2016-09-18 04:39:01][debug] 退款进入:
[2016-09-18 04:39:01][debug] 抽奖退款完毕:2016-09-18 04:39:01
[2016-09-18 04:39:01][debug] 退款完毕:2016-09-18 04:39:01
[2016-09-18 04:39:01][debug] 自动开奖进入:
[2016-09-18 04:39:01][debug] 自动开奖结束:2016-09-18 04:39:01
[2016-09-18 04:42:02][debug] 抽奖退款进入:
[2016-09-18 04:42:02][debug] 退款进入:
[2016-09-18 04:42:02][debug] 退款完毕:2016-09-18 04:42:02
[2016-09-18 04:42:02][debug] 自动开奖进入:
[2016-09-18 04:42:02][debug] 抽奖退款完毕:2016-09-18 04:42:02
[2016-09-18 04:42:02][debug] 自动开奖结束:2016-09-18 04:42:02
[2016-09-18 04:45:01][debug] 退款进入:
[2016-09-18 04:45:01][debug] 抽奖退款进入:
[2016-09-18 04:45:01][debug] 退款完毕:2016-09-18 04:45:01
[2016-09-18 04:45:01][debug] 自动开奖进入:
[2016-09-18 04:45:01][debug] 抽奖退款完毕:2016-09-18 04:45:01
[2016-09-18 04:45:01][debug] 自动开奖结束:2016-09-18 04:45:01
[2016-09-18 04:48:01][debug] 退款进入:
[2016-09-18 04:48:01][debug] 抽奖退款进入:
[2016-09-18 04:48:01][debug] 退款完毕:2016-09-18 04:48:01
[2016-09-18 04:48:01][debug] 自动开奖进入:
[2016-09-18 04:48:01][debug] 抽奖退款完毕:2016-09-18 04:48:01
[2016-09-18 04:48:01][debug] 自动开奖结束:2016-09-18 04:48:01
[2016-09-18 04:51:01][debug] 抽奖退款进入:
[2016-09-18 04:51:01][debug] 退款进入:
[2016-09-18 04:51:01][debug] 退款完毕:2016-09-18 04:51:01
[2016-09-18 04:51:01][debug] 自动开奖进入:
[2016-09-18 04:51:01][debug] 抽奖退款完毕:2016-09-18 04:51:01
[2016-09-18 04:51:01][debug] 自动开奖结束:2016-09-18 04:51:01
[2016-09-18 04:54:02][debug] 抽奖退款进入:
[2016-09-18 04:54:02][debug] 退款进入:
[2016-09-18 04:54:02][debug] 退款完毕:2016-09-18 04:54:02
[2016-09-18 04:54:02][debug] 自动开奖进入:
[2016-09-18 04:54:02][debug] 抽奖退款完毕:2016-09-18 04:54:02
[2016-09-18 04:54:02][debug] 自动开奖结束:2016-09-18 04:54:02
[2016-09-18 04:57:01][debug] 抽奖退款进入:
[2016-09-18 04:57:01][debug] 退款进入:
[2016-09-18 04:57:01][debug] 退款完毕:2016-09-18 04:57:01
[2016-09-18 04:57:01][debug] 自动开奖进入:
[2016-09-18 04:57:01][debug] 抽奖退款完毕:2016-09-18 04:57:01
[2016-09-18 04:57:01][debug] 自动开奖结束:2016-09-18 04:57:01
[2016-09-18 05:00:02][debug] 退款进入:
[2016-09-18 05:00:02][debug] 抽奖退款进入:
[2016-09-18 05:00:02][debug] 退款完毕:2016-09-18 05:00:02
[2016-09-18 05:00:02][debug] 自动开奖进入:
[2016-09-18 05:00:02][debug] 抽奖退款完毕:2016-09-18 05:00:02
[2016-09-18 05:00:02][debug] 自动开奖结束:2016-09-18 05:00:02
[2016-09-18 05:03:01][debug] 退款进入:
[2016-09-18 05:03:01][debug] 抽奖退款进入:
[2016-09-18 05:03:01][debug] 退款完毕:2016-09-18 05:03:01
[2016-09-18 05:03:01][debug] 自动开奖进入:
[2016-09-18 05:03:01][debug] 抽奖退款完毕:2016-09-18 05:03:01
[2016-09-18 05:03:01][debug] 自动开奖结束:2016-09-18 05:03:01
[2016-09-18 05:06:01][debug] 退款进入:
[2016-09-18 05:06:01][debug] 抽奖退款进入:
[2016-09-18 05:06:01][debug] 退款完毕:2016-09-18 05:06:01
[2016-09-18 05:06:01][debug] 自动开奖进入:
[2016-09-18 05:06:01][debug] 抽奖退款完毕:2016-09-18 05:06:01
[2016-09-18 05:06:01][debug] 自动开奖结束:2016-09-18 05:06:01
[2016-09-18 05:09:01][debug] 抽奖退款进入:
[2016-09-18 05:09:01][debug] 退款进入:
[2016-09-18 05:09:01][debug] 退款完毕:2016-09-18 05:09:01
[2016-09-18 05:09:01][debug] 自动开奖进入:
[2016-09-18 05:09:01][debug] 抽奖退款完毕:2016-09-18 05:09:01
[2016-09-18 05:09:01][debug] 自动开奖结束:2016-09-18 05:09:01
[2016-09-18 05:12:02][debug] 抽奖退款进入:
[2016-09-18 05:12:02][debug] 退款进入:
[2016-09-18 05:12:02][debug] 退款完毕:2016-09-18 05:12:02
[2016-09-18 05:12:02][debug] 自动开奖进入:
[2016-09-18 05:12:02][debug] 抽奖退款完毕:2016-09-18 05:12:02
[2016-09-18 05:12:02][debug] 自动开奖结束:2016-09-18 05:12:02
[2016-09-18 05:15:01][debug] 抽奖退款进入:
[2016-09-18 05:15:01][debug] 退款进入:
[2016-09-18 05:15:01][debug] 退款完毕:2016-09-18 05:15:01
[2016-09-18 05:15:01][debug] 自动开奖进入:
[2016-09-18 05:15:01][debug] 抽奖退款完毕:2016-09-18 05:15:01
[2016-09-18 05:15:01][debug] 自动开奖结束:2016-09-18 05:15:01
[2016-09-18 05:18:01][debug] 退款进入:
[2016-09-18 05:18:01][debug] 抽奖退款进入:
[2016-09-18 05:18:01][debug] 退款完毕:2016-09-18 05:18:01
[2016-09-18 05:18:01][debug] 自动开奖进入:
[2016-09-18 05:18:01][debug] 抽奖退款完毕:2016-09-18 05:18:01
[2016-09-18 05:18:01][debug] 自动开奖结束:2016-09-18 05:18:01
[2016-09-18 05:21:01][debug] 抽奖退款进入:
[2016-09-18 05:21:01][debug] 退款进入:
[2016-09-18 05:21:02][debug] 退款完毕:2016-09-18 05:21:02
[2016-09-18 05:21:02][debug] 自动开奖进入:
[2016-09-18 05:21:02][debug] 抽奖退款完毕:2016-09-18 05:21:02
[2016-09-18 05:21:02][debug] 自动开奖结束:2016-09-18 05:21:02
[2016-09-18 05:24:01][debug] 退款进入:
[2016-09-18 05:24:01][debug] 抽奖退款进入:
[2016-09-18 05:24:01][debug] 退款完毕:2016-09-18 05:24:01
[2016-09-18 05:24:01][debug] 自动开奖进入:
[2016-09-18 05:24:01][debug] 抽奖退款完毕:2016-09-18 05:24:01
[2016-09-18 05:24:01][debug] 自动开奖结束:2016-09-18 05:24:01
[2016-09-18 05:27:01][debug] 抽奖退款进入:
[2016-09-18 05:27:01][debug] 退款进入:
[2016-09-18 05:27:01][debug] 退款完毕:2016-09-18 05:27:01
[2016-09-18 05:27:01][debug] 自动开奖进入:
[2016-09-18 05:27:01][debug] 抽奖退款完毕:2016-09-18 05:27:01
[2016-09-18 05:27:01][debug] 自动开奖结束:2016-09-18 05:27:01
[2016-09-18 05:30:01][debug] 退款进入:
[2016-09-18 05:30:01][debug] 抽奖退款进入:
[2016-09-18 05:30:01][debug] 退款完毕:2016-09-18 05:30:01
[2016-09-18 05:30:01][debug] 自动开奖进入:
[2016-09-18 05:30:01][debug] 抽奖退款完毕:2016-09-18 05:30:01
[2016-09-18 05:30:01][debug] 自动开奖结束:2016-09-18 05:30:01
[2016-09-18 05:33:02][debug] 退款进入:
[2016-09-18 05:33:02][debug] 抽奖退款进入:
[2016-09-18 05:33:02][debug] 退款完毕:2016-09-18 05:33:02
[2016-09-18 05:33:02][debug] 自动开奖进入:
[2016-09-18 05:33:02][debug] 抽奖退款完毕:2016-09-18 05:33:02
[2016-09-18 05:33:02][debug] 自动开奖结束:2016-09-18 05:33:02
[2016-09-18 05:36:01][debug] 抽奖退款进入:
[2016-09-18 05:36:01][debug] 退款进入:
[2016-09-18 05:36:01][debug] 退款完毕:2016-09-18 05:36:01
[2016-09-18 05:36:01][debug] 自动开奖进入:
[2016-09-18 05:36:01][debug] 抽奖退款完毕:2016-09-18 05:36:01
[2016-09-18 05:36:01][debug] 自动开奖结束:2016-09-18 05:36:01
[2016-09-18 05:39:01][debug] 抽奖退款进入:
[2016-09-18 05:39:01][debug] 退款进入:
[2016-09-18 05:39:01][debug] 退款完毕:2016-09-18 05:39:01
[2016-09-18 05:39:01][debug] 自动开奖进入:
[2016-09-18 05:39:01][debug] 抽奖退款完毕:2016-09-18 05:39:01
[2016-09-18 05:39:01][debug] 自动开奖结束:2016-09-18 05:39:01
[2016-09-18 05:42:01][debug] 抽奖退款进入:
[2016-09-18 05:42:01][debug] 退款进入:
[2016-09-18 05:42:01][debug] 抽奖退款完毕:2016-09-18 05:42:01
[2016-09-18 05:42:01][debug] 退款完毕:2016-09-18 05:42:01
[2016-09-18 05:42:01][debug] 自动开奖进入:
[2016-09-18 05:42:01][debug] 自动开奖结束:2016-09-18 05:42:01
[2016-09-18 05:45:02][debug] 抽奖退款进入:
[2016-09-18 05:45:02][debug] 退款进入:
[2016-09-18 05:45:02][debug] 退款完毕:2016-09-18 05:45:02
[2016-09-18 05:45:02][debug] 自动开奖进入:
[2016-09-18 05:45:02][debug] 抽奖退款完毕:2016-09-18 05:45:02
[2016-09-18 05:45:02][debug] 自动开奖结束:2016-09-18 05:45:02
[2016-09-18 05:48:01][debug] 退款进入:
[2016-09-18 05:48:01][debug] 抽奖退款进入:
[2016-09-18 05:48:01][debug] 退款完毕:2016-09-18 05:48:01
[2016-09-18 05:48:01][debug] 自动开奖进入:
[2016-09-18 05:48:01][debug] 抽奖退款完毕:2016-09-18 05:48:01
[2016-09-18 05:48:01][debug] 自动开奖结束:2016-09-18 05:48:01
[2016-09-18 05:51:01][debug] 抽奖退款进入:
[2016-09-18 05:51:01][debug] 退款进入:
[2016-09-18 05:51:01][debug] 退款完毕:2016-09-18 05:51:01
[2016-09-18 05:51:01][debug] 自动开奖进入:
[2016-09-18 05:51:01][debug] 抽奖退款完毕:2016-09-18 05:51:01
[2016-09-18 05:51:01][debug] 自动开奖结束:2016-09-18 05:51:01
[2016-09-18 05:54:01][debug] 退款进入:
[2016-09-18 05:54:01][debug] 抽奖退款进入:
[2016-09-18 05:54:01][debug] 退款完毕:2016-09-18 05:54:01
[2016-09-18 05:54:01][debug] 自动开奖进入:
[2016-09-18 05:54:01][debug] 抽奖退款完毕:2016-09-18 05:54:01
[2016-09-18 05:54:02][debug] 自动开奖结束:2016-09-18 05:54:02
[2016-09-18 05:57:01][debug] 抽奖退款进入:
[2016-09-18 05:57:01][debug] 退款进入:
[2016-09-18 05:57:01][debug] 退款完毕:2016-09-18 05:57:01
[2016-09-18 05:57:01][debug] 自动开奖进入:
[2016-09-18 05:57:01][debug] 抽奖退款完毕:2016-09-18 05:57:01
[2016-09-18 05:57:01][debug] 自动开奖结束:2016-09-18 05:57:01
[2016-09-18 06:00:01][debug] 退款进入:
[2016-09-18 06:00:01][debug] 抽奖退款进入:
[2016-09-18 06:00:01][debug] 退款完毕:2016-09-18 06:00:01
[2016-09-18 06:00:01][debug] 自动开奖进入:
[2016-09-18 06:00:01][debug] 抽奖退款完毕:2016-09-18 06:00:01
[2016-09-18 06:00:01][debug] 自动开奖结束:2016-09-18 06:00:01
[2016-09-18 06:03:01][debug] 退款进入:
[2016-09-18 06:03:01][debug] 抽奖退款进入:
[2016-09-18 06:03:01][debug] 退款完毕:2016-09-18 06:03:01
[2016-09-18 06:03:01][debug] 自动开奖进入:
[2016-09-18 06:03:01][debug] 抽奖退款完毕:2016-09-18 06:03:01
[2016-09-18 06:03:01][debug] 自动开奖结束:2016-09-18 06:03:01
[2016-09-18 06:06:02][debug] 退款进入:
[2016-09-18 06:06:02][debug] 抽奖退款进入:
[2016-09-18 06:06:02][debug] 退款完毕:2016-09-18 06:06:02
[2016-09-18 06:06:02][debug] 自动开奖进入:
[2016-09-18 06:06:02][debug] 抽奖退款完毕:2016-09-18 06:06:02
[2016-09-18 06:06:02][debug] 自动开奖结束:2016-09-18 06:06:02
[2016-09-18 06:09:01][debug] 退款进入:
[2016-09-18 06:09:01][debug] 抽奖退款进入:
[2016-09-18 06:09:01][debug] 退款完毕:2016-09-18 06:09:01
[2016-09-18 06:09:01][debug] 自动开奖进入:
[2016-09-18 06:09:01][debug] 抽奖退款完毕:2016-09-18 06:09:01
[2016-09-18 06:09:01][debug] 自动开奖结束:2016-09-18 06:09:01
[2016-09-18 06:12:01][debug] 退款进入:
[2016-09-18 06:12:01][debug] 抽奖退款进入:
[2016-09-18 06:12:01][debug] 退款完毕:2016-09-18 06:12:01
[2016-09-18 06:12:01][debug] 自动开奖进入:
[2016-09-18 06:12:01][debug] 抽奖退款完毕:2016-09-18 06:12:01
[2016-09-18 06:12:01][debug] 自动开奖结束:2016-09-18 06:12:01
[2016-09-18 06:15:01][debug] 抽奖退款进入:
[2016-09-18 06:15:01][debug] 退款进入:
[2016-09-18 06:15:01][debug] 退款完毕:2016-09-18 06:15:01
[2016-09-18 06:15:01][debug] 自动开奖进入:
[2016-09-18 06:15:01][debug] 抽奖退款完毕:2016-09-18 06:15:01
[2016-09-18 06:15:01][debug] 自动开奖结束:2016-09-18 06:15:01
[2016-09-18 06:18:02][debug] 退款进入:
[2016-09-18 06:18:02][debug] 抽奖退款进入:
[2016-09-18 06:18:02][debug] 退款完毕:2016-09-18 06:18:02
[2016-09-18 06:18:02][debug] 自动开奖进入:
[2016-09-18 06:18:02][debug] 抽奖退款完毕:2016-09-18 06:18:02
[2016-09-18 06:18:02][debug] 自动开奖结束:2016-09-18 06:18:02
[2016-09-18 06:21:01][debug] 抽奖退款进入:
[2016-09-18 06:21:01][debug] 退款进入:
[2016-09-18 06:21:01][debug] 抽奖退款完毕:2016-09-18 06:21:01
[2016-09-18 06:21:01][debug] 退款完毕:2016-09-18 06:21:01
[2016-09-18 06:21:01][debug] 自动开奖进入:
[2016-09-18 06:21:01][debug] 自动开奖结束:2016-09-18 06:21:01
[2016-09-18 06:24:01][debug] 退款进入:
[2016-09-18 06:24:01][debug] 抽奖退款进入:
[2016-09-18 06:24:01][debug] 退款完毕:2016-09-18 06:24:01
[2016-09-18 06:24:01][debug] 自动开奖进入:
[2016-09-18 06:24:01][debug] 抽奖退款完毕:2016-09-18 06:24:01
[2016-09-18 06:24:01][debug] 自动开奖结束:2016-09-18 06:24:01
[2016-09-18 06:27:01][debug] 退款进入:
[2016-09-18 06:27:01][debug] 抽奖退款进入:
[2016-09-18 06:27:01][debug] 退款完毕:2016-09-18 06:27:01
[2016-09-18 06:27:01][debug] 自动开奖进入:
[2016-09-18 06:27:01][debug] 抽奖退款完毕:2016-09-18 06:27:01
[2016-09-18 06:27:01][debug] 自动开奖结束:2016-09-18 06:27:01
[2016-09-18 06:30:02][debug] 退款进入:
[2016-09-18 06:30:02][debug] 抽奖退款进入:
[2016-09-18 06:30:02][debug] 退款完毕:2016-09-18 06:30:02
[2016-09-18 06:30:02][debug] 自动开奖进入:
[2016-09-18 06:30:02][debug] 抽奖退款完毕:2016-09-18 06:30:02
[2016-09-18 06:30:02][debug] 自动开奖结束:2016-09-18 06:30:02
[2016-09-18 06:33:01][debug] 抽奖退款进入:
[2016-09-18 06:33:01][debug] 退款进入:
[2016-09-18 06:33:01][debug] 退款完毕:2016-09-18 06:33:01
[2016-09-18 06:33:01][debug] 自动开奖进入:
[2016-09-18 06:33:01][debug] 抽奖退款完毕:2016-09-18 06:33:01
[2016-09-18 06:33:01][debug] 自动开奖结束:2016-09-18 06:33:01
[2016-09-18 06:36:01][debug] 抽奖退款进入:
[2016-09-18 06:36:01][debug] 退款进入:
[2016-09-18 06:36:01][debug] 退款完毕:2016-09-18 06:36:01
[2016-09-18 06:36:01][debug] 自动开奖进入:
[2016-09-18 06:36:01][debug] 抽奖退款完毕:2016-09-18 06:36:01
[2016-09-18 06:36:01][debug] 自动开奖结束:2016-09-18 06:36:01
[2016-09-18 06:39:01][debug] 抽奖退款进入:
[2016-09-18 06:39:01][debug] 退款进入:
[2016-09-18 06:39:01][debug] 退款完毕:2016-09-18 06:39:01
[2016-09-18 06:39:01][debug] 自动开奖进入:
[2016-09-18 06:39:01][debug] 抽奖退款完毕:2016-09-18 06:39:01
[2016-09-18 06:39:01][debug] 自动开奖结束:2016-09-18 06:39:01
[2016-09-18 06:42:02][debug] 抽奖退款进入:
[2016-09-18 06:42:02][debug] 退款进入:
[2016-09-18 06:42:02][debug] 退款完毕:2016-09-18 06:42:02
[2016-09-18 06:42:02][debug] 自动开奖进入:
[2016-09-18 06:42:02][debug] 抽奖退款完毕:2016-09-18 06:42:02
[2016-09-18 06:42:02][debug] 自动开奖结束:2016-09-18 06:42:02
[2016-09-18 06:45:01][debug] 抽奖退款进入:
[2016-09-18 06:45:01][debug] 退款进入:
[2016-09-18 06:45:01][debug] 退款完毕:2016-09-18 06:45:01
[2016-09-18 06:45:01][debug] 自动开奖进入:
[2016-09-18 06:45:01][debug] 抽奖退款完毕:2016-09-18 06:45:01
[2016-09-18 06:45:01][debug] 自动开奖结束:2016-09-18 06:45:01
[2016-09-18 06:48:01][debug] 抽奖退款进入:
[2016-09-18 06:48:01][debug] 退款进入:
[2016-09-18 06:48:01][debug] 退款完毕:2016-09-18 06:48:01
[2016-09-18 06:48:01][debug] 自动开奖进入:
[2016-09-18 06:48:01][debug] 抽奖退款完毕:2016-09-18 06:48:01
[2016-09-18 06:48:01][debug] 自动开奖结束:2016-09-18 06:48:01
[2016-09-18 06:51:01][debug] 抽奖退款进入:
[2016-09-18 06:51:01][debug] 退款进入:
[2016-09-18 06:51:01][debug] 退款完毕:2016-09-18 06:51:01
[2016-09-18 06:51:01][debug] 自动开奖进入:
[2016-09-18 06:51:01][debug] 抽奖退款完毕:2016-09-18 06:51:01
[2016-09-18 06:51:02][debug] 自动开奖结束:2016-09-18 06:51:02
[2016-09-18 06:54:01][debug] 抽奖退款进入:
[2016-09-18 06:54:01][debug] 退款进入:
[2016-09-18 06:54:01][debug] 退款完毕:2016-09-18 06:54:01
[2016-09-18 06:54:01][debug] 自动开奖进入:
[2016-09-18 06:54:01][debug] 抽奖退款完毕:2016-09-18 06:54:01
[2016-09-18 06:54:01][debug] 自动开奖结束:2016-09-18 06:54:01
[2016-09-18 06:57:01][debug] 退款进入:
[2016-09-18 06:57:01][debug] 抽奖退款进入:
[2016-09-18 06:57:01][debug] 退款完毕:2016-09-18 06:57:01
[2016-09-18 06:57:01][debug] 自动开奖进入:
[2016-09-18 06:57:01][debug] 抽奖退款完毕:2016-09-18 06:57:01
[2016-09-18 06:57:01][debug] 自动开奖结束:2016-09-18 06:57:01
[2016-09-18 07:00:01][debug] 抽奖退款进入:
[2016-09-18 07:00:01][debug] 退款进入:
[2016-09-18 07:00:01][debug] 抽奖退款完毕:2016-09-18 07:00:01
[2016-09-18 07:00:01][debug] 退款完毕:2016-09-18 07:00:01
[2016-09-18 07:00:01][debug] 自动开奖进入:
[2016-09-18 07:00:01][debug] 自动开奖结束:2016-09-18 07:00:01
[2016-09-18 07:03:02][debug] 退款进入:
[2016-09-18 07:03:02][debug] 抽奖退款进入:
[2016-09-18 07:03:02][debug] 退款完毕:2016-09-18 07:03:02
[2016-09-18 07:03:02][debug] 自动开奖进入:
[2016-09-18 07:03:02][debug] 抽奖退款完毕:2016-09-18 07:03:02
[2016-09-18 07:03:02][debug] 自动开奖结束:2016-09-18 07:03:02
[2016-09-18 07:06:01][debug] 退款进入:
[2016-09-18 07:06:01][debug] 抽奖退款进入:
[2016-09-18 07:06:01][debug] 退款完毕:2016-09-18 07:06:01
[2016-09-18 07:06:01][debug] 自动开奖进入:
[2016-09-18 07:06:01][debug] 抽奖退款完毕:2016-09-18 07:06:01
[2016-09-18 07:06:01][debug] 自动开奖结束:2016-09-18 07:06:01
[2016-09-18 07:09:01][debug] 抽奖退款进入:
[2016-09-18 07:09:01][debug] 退款进入:
[2016-09-18 07:09:01][debug] 抽奖退款完毕:2016-09-18 07:09:01
[2016-09-18 07:09:01][debug] 退款完毕:2016-09-18 07:09:01
[2016-09-18 07:09:01][debug] 自动开奖进入:
[2016-09-18 07:09:01][debug] 自动开奖结束:2016-09-18 07:09:01
[2016-09-18 07:12:01][debug] 退款进入:
[2016-09-18 07:12:01][debug] 抽奖退款进入:
[2016-09-18 07:12:01][debug] 退款完毕:2016-09-18 07:12:01
[2016-09-18 07:12:01][debug] 自动开奖进入:
[2016-09-18 07:12:01][debug] 抽奖退款完毕:2016-09-18 07:12:01
[2016-09-18 07:12:01][debug] 自动开奖结束:2016-09-18 07:12:01
[2016-09-18 07:15:02][debug] 抽奖退款进入:
[2016-09-18 07:15:02][debug] 退款进入:
[2016-09-18 07:15:02][debug] 退款完毕:2016-09-18 07:15:02
[2016-09-18 07:15:02][debug] 自动开奖进入:
[2016-09-18 07:15:02][debug] 抽奖退款完毕:2016-09-18 07:15:02
[2016-09-18 07:15:02][debug] 自动开奖结束:2016-09-18 07:15:02
[2016-09-18 07:18:01][debug] 退款进入:
[2016-09-18 07:18:01][debug] 抽奖退款进入:
[2016-09-18 07:18:01][debug] 退款完毕:2016-09-18 07:18:01
[2016-09-18 07:18:01][debug] 自动开奖进入:
[2016-09-18 07:18:01][debug] 抽奖退款完毕:2016-09-18 07:18:01
[2016-09-18 07:18:01][debug] 自动开奖结束:2016-09-18 07:18:01
[2016-09-18 07:21:01][debug] 抽奖退款进入:
[2016-09-18 07:21:01][debug] 退款进入:
[2016-09-18 07:21:01][debug] 退款完毕:2016-09-18 07:21:01
[2016-09-18 07:21:01][debug] 自动开奖进入:
[2016-09-18 07:21:01][debug] 抽奖退款完毕:2016-09-18 07:21:01
[2016-09-18 07:21:01][debug] 自动开奖结束:2016-09-18 07:21:01
[2016-09-18 07:24:01][debug] 抽奖退款进入:
[2016-09-18 07:24:01][debug] 退款进入:
[2016-09-18 07:24:01][debug] 退款完毕:2016-09-18 07:24:01
[2016-09-18 07:24:01][debug] 自动开奖进入:
[2016-09-18 07:24:01][debug] 抽奖退款完毕:2016-09-18 07:24:01
[2016-09-18 07:24:01][debug] 自动开奖结束:2016-09-18 07:24:01
[2016-09-18 07:27:02][debug] 退款进入:
[2016-09-18 07:27:02][debug] 抽奖退款进入:
[2016-09-18 07:27:02][debug] 退款完毕:2016-09-18 07:27:02
[2016-09-18 07:27:02][debug] 自动开奖进入:
[2016-09-18 07:27:02][debug] 抽奖退款完毕:2016-09-18 07:27:02
[2016-09-18 07:27:02][debug] 自动开奖结束:2016-09-18 07:27:02
[2016-09-18 07:30:01][debug] 退款进入:
[2016-09-18 07:30:01][debug] 抽奖退款进入:
[2016-09-18 07:30:01][debug] 退款完毕:2016-09-18 07:30:01
[2016-09-18 07:30:01][debug] 自动开奖进入:
[2016-09-18 07:30:01][debug] 抽奖退款完毕:2016-09-18 07:30:01
[2016-09-18 07:30:01][debug] 自动开奖结束:2016-09-18 07:30:01
[2016-09-18 07:33:01][debug] 抽奖退款进入:
[2016-09-18 07:33:01][debug] 退款进入:
[2016-09-18 07:33:01][debug] 抽奖退款完毕:2016-09-18 07:33:01
[2016-09-18 07:33:01][debug] 退款完毕:2016-09-18 07:33:01
[2016-09-18 07:33:01][debug] 自动开奖进入:
[2016-09-18 07:33:01][debug] 自动开奖结束:2016-09-18 07:33:01
[2016-09-18 07:36:01][debug] 抽奖退款进入:
[2016-09-18 07:36:01][debug] 退款进入:
[2016-09-18 07:36:01][debug] 退款完毕:2016-09-18 07:36:01
[2016-09-18 07:36:01][debug] 自动开奖进入:
[2016-09-18 07:36:01][debug] 抽奖退款完毕:2016-09-18 07:36:01
[2016-09-18 07:36:01][debug] 自动开奖结束:2016-09-18 07:36:01
[2016-09-18 07:39:02][debug] 退款进入:
[2016-09-18 07:39:02][debug] 抽奖退款进入:
[2016-09-18 07:39:02][debug] 退款完毕:2016-09-18 07:39:02
[2016-09-18 07:39:02][debug] 自动开奖进入:
[2016-09-18 07:39:02][debug] 抽奖退款完毕:2016-09-18 07:39:02
[2016-09-18 07:39:02][debug] 自动开奖结束:2016-09-18 07:39:02
[2016-09-18 07:42:01][debug] 退款进入:
[2016-09-18 07:42:01][debug] 抽奖退款进入:
[2016-09-18 07:42:01][debug] 退款完毕:2016-09-18 07:42:01
[2016-09-18 07:42:01][debug] 自动开奖进入:
[2016-09-18 07:42:01][debug] 自动开奖结束:2016-09-18 07:42:01
[2016-09-18 07:42:01][debug] 抽奖退款完毕:2016-09-18 07:42:01
[2016-09-18 07:45:01][debug] 抽奖退款进入:
[2016-09-18 07:45:01][debug] 退款进入:
[2016-09-18 07:45:01][debug] 抽奖退款完毕:2016-09-18 07:45:01
[2016-09-18 07:45:01][debug] 退款完毕:2016-09-18 07:45:01
[2016-09-18 07:45:01][debug] 自动开奖进入:
[2016-09-18 07:45:01][debug] 自动开奖结束:2016-09-18 07:45:01
[2016-09-18 07:48:01][debug] 退款进入:
[2016-09-18 07:48:01][debug] 抽奖退款进入:
[2016-09-18 07:48:01][debug] 退款完毕:2016-09-18 07:48:01
[2016-09-18 07:48:01][debug] 自动开奖进入:
[2016-09-18 07:48:01][debug] 抽奖退款完毕:2016-09-18 07:48:01
[2016-09-18 07:48:01][debug] 自动开奖结束:2016-09-18 07:48:01
[2016-09-18 07:51:01][debug] 抽奖退款进入:
[2016-09-18 07:51:01][debug] 退款进入:
[2016-09-18 07:51:01][debug] 退款完毕:2016-09-18 07:51:01
[2016-09-18 07:51:01][debug] 自动开奖进入:
[2016-09-18 07:51:01][debug] 抽奖退款完毕:2016-09-18 07:51:01
[2016-09-18 07:51:01][debug] 自动开奖结束:2016-09-18 07:51:01
[2016-09-18 07:54:01][debug] 抽奖退款进入:
[2016-09-18 07:54:01][debug] 退款进入:
[2016-09-18 07:54:01][debug] 退款完毕:2016-09-18 07:54:01
[2016-09-18 07:54:01][debug] 自动开奖进入:
[2016-09-18 07:54:01][debug] 抽奖退款完毕:2016-09-18 07:54:01
[2016-09-18 07:54:01][debug] 自动开奖结束:2016-09-18 07:54:01
[2016-09-18 07:57:01][debug] 退款进入:
[2016-09-18 07:57:01][debug] 抽奖退款进入:
[2016-09-18 07:57:01][debug] 退款完毕:2016-09-18 07:57:01
[2016-09-18 07:57:01][debug] 自动开奖进入:
[2016-09-18 07:57:01][debug] 抽奖退款完毕:2016-09-18 07:57:01
[2016-09-18 07:57:01][debug] 自动开奖结束:2016-09-18 07:57:01
[2016-09-18 08:00:01][debug] 退款进入:
[2016-09-18 08:00:01][debug] 抽奖退款进入:
[2016-09-18 08:00:02][debug] 退款完毕:2016-09-18 08:00:02
[2016-09-18 08:00:02][debug] 自动开奖进入:
[2016-09-18 08:00:02][debug] 自动开奖结束:2016-09-18 08:00:02
[2016-09-18 08:00:02][debug] 抽奖退款完毕:2016-09-18 08:00:02
[2016-09-18 08:03:01][debug] 抽奖退款进入:
[2016-09-18 08:03:01][debug] 退款进入:
[2016-09-18 08:03:01][debug] 退款完毕:2016-09-18 08:03:01
[2016-09-18 08:03:01][debug] 自动开奖进入:
[2016-09-18 08:03:01][debug] 抽奖退款完毕:2016-09-18 08:03:01
[2016-09-18 08:03:01][debug] 自动开奖结束:2016-09-18 08:03:01
[2016-09-18 08:06:01][debug] 抽奖退款进入:
[2016-09-18 08:06:01][debug] 退款进入:
[2016-09-18 08:06:01][debug] 抽奖退款完毕:2016-09-18 08:06:01
[2016-09-18 08:06:01][debug] 退款完毕:2016-09-18 08:06:01
[2016-09-18 08:06:01][debug] 自动开奖进入:
[2016-09-18 08:06:01][debug] 自动开奖结束:2016-09-18 08:06:01
[2016-09-18 08:09:01][debug] 退款进入:
[2016-09-18 08:09:01][debug] 抽奖退款进入:
[2016-09-18 08:09:01][debug] 退款完毕:2016-09-18 08:09:01
[2016-09-18 08:09:01][debug] 自动开奖进入:
[2016-09-18 08:09:01][debug] 抽奖退款完毕:2016-09-18 08:09:01
[2016-09-18 08:09:01][debug] 自动开奖结束:2016-09-18 08:09:01
[2016-09-18 08:12:01][debug] 退款进入:
[2016-09-18 08:12:01][debug] 抽奖退款进入:
[2016-09-18 08:12:01][debug] 退款完毕:2016-09-18 08:12:01
[2016-09-18 08:12:01][debug] 自动开奖进入:
[2016-09-18 08:12:01][debug] 抽奖退款完毕:2016-09-18 08:12:01
[2016-09-18 08:12:01][debug] 自动开奖结束:2016-09-18 08:12:01
[2016-09-18 08:15:01][debug] 抽奖退款进入:
[2016-09-18 08:15:01][debug] 退款进入:
[2016-09-18 08:15:01][debug] 退款完毕:2016-09-18 08:15:01
[2016-09-18 08:15:01][debug] 抽奖退款完毕:2016-09-18 08:15:01
[2016-09-18 08:15:01][debug] 自动开奖进入:
[2016-09-18 08:15:01][debug] 自动开奖结束:2016-09-18 08:15:01
[2016-09-18 08:18:01][debug] 抽奖退款进入:
[2016-09-18 08:18:01][debug] 退款进入:
[2016-09-18 08:18:01][debug] 退款完毕:2016-09-18 08:18:01
[2016-09-18 08:18:01][debug] 自动开奖进入:
[2016-09-18 08:18:01][debug] 抽奖退款完毕:2016-09-18 08:18:01
[2016-09-18 08:18:01][debug] 自动开奖结束:2016-09-18 08:18:01
[2016-09-18 08:21:01][debug] 退款进入:
[2016-09-18 08:21:01][debug] 抽奖退款进入:
[2016-09-18 08:21:01][debug] 退款完毕:2016-09-18 08:21:01
[2016-09-18 08:21:01][debug] 自动开奖进入:
[2016-09-18 08:21:01][debug] 抽奖退款完毕:2016-09-18 08:21:01
[2016-09-18 08:21:01][debug] 自动开奖结束:2016-09-18 08:21:01
[2016-09-18 08:24:02][debug] 抽奖退款进入:
[2016-09-18 08:24:02][debug] 退款进入:
[2016-09-18 08:24:02][debug] 退款完毕:2016-09-18 08:24:02
[2016-09-18 08:24:02][debug] 自动开奖进入:
[2016-09-18 08:24:02][debug] 抽奖退款完毕:2016-09-18 08:24:02
[2016-09-18 08:24:02][debug] 自动开奖结束:2016-09-18 08:24:02
[2016-09-18 08:27:01][debug] 退款进入:
[2016-09-18 08:27:01][debug] 抽奖退款进入:
[2016-09-18 08:27:01][debug] 退款完毕:2016-09-18 08:27:01
[2016-09-18 08:27:01][debug] 自动开奖进入:
[2016-09-18 08:27:01][debug] 抽奖退款完毕:2016-09-18 08:27:01
[2016-09-18 08:27:01][debug] 自动开奖结束:2016-09-18 08:27:01
[2016-09-18 08:30:01][debug] 退款进入:
[2016-09-18 08:30:01][debug] 抽奖退款进入:
[2016-09-18 08:30:01][debug] 退款完毕:2016-09-18 08:30:01
[2016-09-18 08:30:01][debug] 自动开奖进入:
[2016-09-18 08:30:01][debug] 自动开奖结束:2016-09-18 08:30:01
[2016-09-18 08:30:01][debug] 抽奖退款完毕:2016-09-18 08:30:01
[2016-09-18 08:33:02][debug] 抽奖退款进入:
[2016-09-18 08:33:02][debug] 退款进入:
[2016-09-18 08:33:02][debug] 退款完毕:2016-09-18 08:33:02
[2016-09-18 08:33:02][debug] 自动开奖进入:
[2016-09-18 08:33:02][debug] 抽奖退款完毕:2016-09-18 08:33:02
[2016-09-18 08:33:02][debug] 自动开奖结束:2016-09-18 08:33:02
[2016-09-18 08:36:01][debug] 退款进入:
[2016-09-18 08:36:01][debug] 抽奖退款进入:
[2016-09-18 08:36:01][debug] 退款完毕:2016-09-18 08:36:01
[2016-09-18 08:36:01][debug] 自动开奖进入:
[2016-09-18 08:36:01][debug] 抽奖退款完毕:2016-09-18 08:36:01
[2016-09-18 08:36:01][debug] 自动开奖结束:2016-09-18 08:36:01
[2016-09-18 08:39:01][debug] 抽奖退款进入:
[2016-09-18 08:39:01][debug] 退款进入:
[2016-09-18 08:39:01][debug] 抽奖退款完毕:2016-09-18 08:39:01
[2016-09-18 08:39:01][debug] 退款完毕:2016-09-18 08:39:01
[2016-09-18 08:39:01][debug] 自动开奖进入:
[2016-09-18 08:39:01][debug] 自动开奖结束:2016-09-18 08:39:01
[2016-09-18 08:42:01][debug] 抽奖退款进入:
[2016-09-18 08:42:01][debug] 退款进入:
[2016-09-18 08:42:01][debug] 抽奖退款完毕:2016-09-18 08:42:01
[2016-09-18 08:42:01][debug] 退款完毕:2016-09-18 08:42:01
[2016-09-18 08:42:01][debug] 自动开奖进入:
[2016-09-18 08:42:01][debug] 自动开奖结束:2016-09-18 08:42:01
[2016-09-18 08:45:02][debug] 抽奖退款进入:
[2016-09-18 08:45:02][debug] 抽奖退款完毕:2016-09-18 08:45:02
[2016-09-18 08:45:02][debug] 退款进入:
[2016-09-18 08:45:02][debug] 退款完毕:2016-09-18 08:45:02
[2016-09-18 08:45:02][debug] 自动开奖进入:
[2016-09-18 08:45:02][debug] 自动开奖结束:2016-09-18 08:45:02
[2016-09-18 08:48:01][debug] 抽奖退款进入:
[2016-09-18 08:48:01][debug] 退款进入:
[2016-09-18 08:48:01][debug] 退款完毕:2016-09-18 08:48:01
[2016-09-18 08:48:01][debug] 自动开奖进入:
[2016-09-18 08:48:01][debug] 抽奖退款完毕:2016-09-18 08:48:01
[2016-09-18 08:48:01][debug] 自动开奖结束:2016-09-18 08:48:01
[2016-09-18 08:51:01][debug] 退款进入:
[2016-09-18 08:51:01][debug] 抽奖退款进入:
[2016-09-18 08:51:01][debug] 退款完毕:2016-09-18 08:51:01
[2016-09-18 08:51:01][debug] 自动开奖进入:
[2016-09-18 08:51:01][debug] 抽奖退款完毕:2016-09-18 08:51:01
[2016-09-18 08:51:01][debug] 自动开奖结束:2016-09-18 08:51:01
[2016-09-18 08:54:01][debug] 抽奖退款进入:
[2016-09-18 08:54:01][debug] 退款进入:
[2016-09-18 08:54:01][debug] 退款完毕:2016-09-18 08:54:01
[2016-09-18 08:54:01][debug] 自动开奖进入:
[2016-09-18 08:54:01][debug] 抽奖退款完毕:2016-09-18 08:54:01
[2016-09-18 08:54:01][debug] 自动开奖结束:2016-09-18 08:54:01
[2016-09-18 08:57:02][debug] 抽奖退款进入:
[2016-09-18 08:57:02][debug] 退款进入:
[2016-09-18 08:57:02][debug] 退款完毕:2016-09-18 08:57:02
[2016-09-18 08:57:02][debug] 自动开奖进入:
[2016-09-18 08:57:02][debug] 抽奖退款完毕:2016-09-18 08:57:02
[2016-09-18 08:57:02][debug] 自动开奖结束:2016-09-18 08:57:02
[2016-09-18 09:00:01][debug] 退款进入:
[2016-09-18 09:00:01][debug] 抽奖退款进入:
[2016-09-18 09:00:01][debug] 退款完毕:2016-09-18 09:00:01
[2016-09-18 09:00:01][debug] 自动开奖进入:
[2016-09-18 09:00:01][debug] 自动开奖结束:2016-09-18 09:00:01
[2016-09-18 09:00:01][debug] 抽奖退款完毕:2016-09-18 09:00:01
[2016-09-18 09:03:01][debug] 抽奖退款进入:
[2016-09-18 09:03:01][debug] 退款进入:
[2016-09-18 09:03:01][debug] 退款完毕:2016-09-18 09:03:01
[2016-09-18 09:03:01][debug] 自动开奖进入:
[2016-09-18 09:03:01][debug] 抽奖退款完毕:2016-09-18 09:03:01
[2016-09-18 09:03:01][debug] 自动开奖结束:2016-09-18 09:03:01
[2016-09-18 09:06:01][debug] 退款进入:
[2016-09-18 09:06:01][debug] 抽奖退款进入:
[2016-09-18 09:06:01][debug] 退款完毕:2016-09-18 09:06:01
[2016-09-18 09:06:01][debug] 自动开奖进入:
[2016-09-18 09:06:01][debug] 抽奖退款完毕:2016-09-18 09:06:01
[2016-09-18 09:06:01][debug] 自动开奖结束:2016-09-18 09:06:01
[2016-09-18 09:09:02][debug] 抽奖退款进入:
[2016-09-18 09:09:02][debug] 退款进入:
[2016-09-18 09:09:02][debug] 退款完毕:2016-09-18 09:09:02
[2016-09-18 09:09:02][debug] 自动开奖进入:
[2016-09-18 09:09:02][debug] 抽奖退款完毕:2016-09-18 09:09:02
[2016-09-18 09:09:02][debug] 自动开奖结束:2016-09-18 09:09:02
[2016-09-18 09:12:01][debug] 抽奖退款进入:
[2016-09-18 09:12:01][debug] 退款进入:
[2016-09-18 09:12:01][debug] 退款完毕:2016-09-18 09:12:01
[2016-09-18 09:12:01][debug] 自动开奖进入:
[2016-09-18 09:12:01][debug] 抽奖退款完毕:2016-09-18 09:12:01
[2016-09-18 09:12:01][debug] 自动开奖结束:2016-09-18 09:12:01
[2016-09-18 09:15:01][debug] 退款进入:
[2016-09-18 09:15:01][debug] 抽奖退款进入:
[2016-09-18 09:15:01][debug] 退款完毕:2016-09-18 09:15:01
[2016-09-18 09:15:01][debug] 自动开奖进入:
[2016-09-18 09:15:01][debug] 抽奖退款完毕:2016-09-18 09:15:01
[2016-09-18 09:15:01][debug] 自动开奖结束:2016-09-18 09:15:01
[2016-09-18 09:18:01][debug] 退款进入:
[2016-09-18 09:18:01][debug] 抽奖退款进入:
[2016-09-18 09:18:01][debug] 退款完毕:2016-09-18 09:18:01
[2016-09-18 09:18:01][debug] 自动开奖进入:
[2016-09-18 09:18:01][debug] 抽奖退款完毕:2016-09-18 09:18:01
[2016-09-18 09:18:01][debug] 自动开奖结束:2016-09-18 09:18:01
[2016-09-18 09:21:01][debug] 抽奖退款进入:
[2016-09-18 09:21:01][debug] 退款进入:
[2016-09-18 09:21:01][debug] 退款完毕:2016-09-18 09:21:01
[2016-09-18 09:21:01][debug] 自动开奖进入:
[2016-09-18 09:21:01][debug] 抽奖退款完毕:2016-09-18 09:21:01
[2016-09-18 09:21:01][debug] 自动开奖结束:2016-09-18 09:21:01
[2016-09-18 09:24:01][debug] 抽奖退款进入:
[2016-09-18 09:24:01][debug] 退款进入:
[2016-09-18 09:24:01][debug] 抽奖退款完毕:2016-09-18 09:24:01
[2016-09-18 09:24:01][debug] 退款完毕:2016-09-18 09:24:01
[2016-09-18 09:24:01][debug] 自动开奖进入:
[2016-09-18 09:24:01][debug] 自动开奖结束:2016-09-18 09:24:01
[2016-09-18 09:27:01][debug] 抽奖退款进入:
[2016-09-18 09:27:01][debug] 退款进入:
[2016-09-18 09:27:01][debug] 退款完毕:2016-09-18 09:27:01
[2016-09-18 09:27:01][debug] 自动开奖进入:
[2016-09-18 09:27:01][debug] 抽奖退款完毕:2016-09-18 09:27:01
[2016-09-18 09:27:01][debug] 自动开奖结束:2016-09-18 09:27:01
[2016-09-18 09:30:02][debug] 抽奖退款进入:
[2016-09-18 09:30:02][debug] 退款进入:
[2016-09-18 09:30:02][debug] 抽奖退款完毕:2016-09-18 09:30:02
[2016-09-18 09:30:02][debug] 退款完毕:2016-09-18 09:30:02
[2016-09-18 09:30:02][debug] 自动开奖进入:
[2016-09-18 09:30:02][debug] 自动开奖结束:2016-09-18 09:30:02
[2016-09-18 09:33:01][debug] 抽奖退款进入:
[2016-09-18 09:33:01][debug] 退款进入:
[2016-09-18 09:33:01][debug] 抽奖退款完毕:2016-09-18 09:33:01
[2016-09-18 09:33:01][debug] 退款完毕:2016-09-18 09:33:01
[2016-09-18 09:33:01][debug] 自动开奖进入:
[2016-09-18 09:33:01][debug] 自动开奖结束:2016-09-18 09:33:01
[2016-09-18 09:36:01][debug] 抽奖退款进入:
[2016-09-18 09:36:01][debug] 退款进入:
[2016-09-18 09:36:01][debug] 退款完毕:2016-09-18 09:36:01
[2016-09-18 09:36:01][debug] 自动开奖进入:
[2016-09-18 09:36:01][debug] 抽奖退款完毕:2016-09-18 09:36:01
[2016-09-18 09:36:01][debug] 自动开奖结束:2016-09-18 09:36:01
[2016-09-18 09:39:01][debug] 抽奖退款进入:
[2016-09-18 09:39:01][debug] 退款进入:
[2016-09-18 09:39:01][debug] 退款完毕:2016-09-18 09:39:01
[2016-09-18 09:39:01][debug] 自动开奖进入:
[2016-09-18 09:39:01][debug] 抽奖退款完毕:2016-09-18 09:39:01
[2016-09-18 09:39:01][debug] 自动开奖结束:2016-09-18 09:39:01
[2016-09-18 09:42:02][debug] 抽奖退款进入:
[2016-09-18 09:42:02][debug] 退款进入:
[2016-09-18 09:42:02][debug] 退款完毕:2016-09-18 09:42:02
[2016-09-18 09:42:02][debug] 自动开奖进入:
[2016-09-18 09:42:02][debug] 抽奖退款完毕:2016-09-18 09:42:02
[2016-09-18 09:42:02][debug] 自动开奖结束:2016-09-18 09:42:02
[2016-09-18 09:45:01][debug] 退款进入:
[2016-09-18 09:45:01][debug] 抽奖退款进入:
[2016-09-18 09:45:01][debug] 退款完毕:2016-09-18 09:45:01
[2016-09-18 09:45:01][debug] 自动开奖进入:
[2016-09-18 09:45:01][debug] 抽奖退款完毕:2016-09-18 09:45:01
[2016-09-18 09:45:01][debug] 自动开奖结束:2016-09-18 09:45:01
[2016-09-18 09:48:01][debug] 抽奖退款进入:
[2016-09-18 09:48:01][debug] 退款进入:
[2016-09-18 09:48:01][debug] 退款完毕:2016-09-18 09:48:01
[2016-09-18 09:48:01][debug] 自动开奖进入:
[2016-09-18 09:48:01][debug] 抽奖退款完毕:2016-09-18 09:48:01
[2016-09-18 09:48:01][debug] 自动开奖结束:2016-09-18 09:48:01
[2016-09-18 09:51:01][debug] 抽奖退款进入:
[2016-09-18 09:51:01][debug] 退款进入:
[2016-09-18 09:51:01][debug] 退款完毕:2016-09-18 09:51:01
[2016-09-18 09:51:01][debug] 自动开奖进入:
[2016-09-18 09:51:01][debug] 抽奖退款完毕:2016-09-18 09:51:01
[2016-09-18 09:51:01][debug] 自动开奖结束:2016-09-18 09:51:01
[2016-09-18 09:54:02][debug] 抽奖退款进入:
[2016-09-18 09:54:02][debug] 退款进入:
[2016-09-18 09:54:02][debug] 退款完毕:2016-09-18 09:54:02
[2016-09-18 09:54:02][debug] 抽奖退款完毕:2016-09-18 09:54:02
[2016-09-18 09:54:02][debug] 自动开奖进入:
[2016-09-18 09:54:02][debug] 自动开奖结束:2016-09-18 09:54:02
[2016-09-18 09:57:01][debug] 抽奖退款进入:
[2016-09-18 09:57:01][debug] 退款进入:
[2016-09-18 09:57:01][debug] 退款完毕:2016-09-18 09:57:01
[2016-09-18 09:57:01][debug] 自动开奖进入:
[2016-09-18 09:57:01][debug] 抽奖退款完毕:2016-09-18 09:57:01
[2016-09-18 09:57:01][debug] 自动开奖结束:2016-09-18 09:57:01
[2016-09-18 10:00:01][debug] 抽奖退款进入:
[2016-09-18 10:00:01][debug] 退款进入:
[2016-09-18 10:00:01][debug] 退款完毕:2016-09-18 10:00:01
[2016-09-18 10:00:01][debug] 自动开奖进入:
[2016-09-18 10:00:01][debug] 抽奖退款完毕:2016-09-18 10:00:01
[2016-09-18 10:00:01][debug] 自动开奖结束:2016-09-18 10:00:01
[2016-09-18 10:03:01][debug] 退款进入:
[2016-09-18 10:03:01][debug] 抽奖退款进入:
[2016-09-18 10:03:01][debug] 退款完毕:2016-09-18 10:03:01
[2016-09-18 10:03:01][debug] 自动开奖进入:
[2016-09-18 10:03:01][debug] 抽奖退款完毕:2016-09-18 10:03:01
[2016-09-18 10:03:01][debug] 自动开奖结束:2016-09-18 10:03:01
[2016-09-18 10:06:02][debug] 抽奖退款进入:
[2016-09-18 10:06:02][debug] 退款进入:
[2016-09-18 10:06:02][debug] 抽奖退款完毕:2016-09-18 10:06:02
[2016-09-18 10:06:02][debug] 退款完毕:2016-09-18 10:06:02
[2016-09-18 10:06:02][debug] 自动开奖进入:
[2016-09-18 10:06:02][debug] 自动开奖结束:2016-09-18 10:06:02
[2016-09-18 10:09:01][debug] 抽奖退款进入:
[2016-09-18 10:09:01][debug] 退款进入:
[2016-09-18 10:09:01][debug] 退款完毕:2016-09-18 10:09:01
[2016-09-18 10:09:01][debug] 自动开奖进入:
[2016-09-18 10:09:01][debug] 抽奖退款完毕:2016-09-18 10:09:01
[2016-09-18 10:09:01][debug] 自动开奖结束:2016-09-18 10:09:01
[2016-09-18 10:12:01][debug] 抽奖退款进入:
[2016-09-18 10:12:01][debug] 退款进入:
[2016-09-18 10:12:01][debug] 退款完毕:2016-09-18 10:12:01
[2016-09-18 10:12:01][debug] 自动开奖进入:
[2016-09-18 10:12:01][debug] 抽奖退款完毕:2016-09-18 10:12:01
[2016-09-18 10:12:01][debug] 自动开奖结束:2016-09-18 10:12:01
[2016-09-18 10:15:01][debug] 抽奖退款进入:
[2016-09-18 10:15:01][debug] 退款进入:
[2016-09-18 10:15:02][debug] 退款完毕:2016-09-18 10:15:02
[2016-09-18 10:15:02][debug] 自动开奖进入:
[2016-09-18 10:15:02][debug] 抽奖退款完毕:2016-09-18 10:15:02
[2016-09-18 10:15:02][debug] 自动开奖结束:2016-09-18 10:15:02
[2016-09-18 10:18:01][debug] 抽奖退款进入:
[2016-09-18 10:18:01][debug] 退款进入:
[2016-09-18 10:18:01][debug] 退款完毕:2016-09-18 10:18:01
[2016-09-18 10:18:01][debug] 自动开奖进入:
[2016-09-18 10:18:01][debug] 抽奖退款完毕:2016-09-18 10:18:01
[2016-09-18 10:18:01][debug] 自动开奖结束:2016-09-18 10:18:01
[2016-09-18 10:21:01][debug] 抽奖退款进入:
[2016-09-18 10:21:01][debug] 退款进入:
[2016-09-18 10:21:01][debug] 退款完毕:2016-09-18 10:21:01
[2016-09-18 10:21:01][debug] 自动开奖进入:
[2016-09-18 10:21:01][debug] 抽奖退款完毕:2016-09-18 10:21:01
[2016-09-18 10:21:01][debug] 自动开奖结束:2016-09-18 10:21:01
[2016-09-18 10:24:01][debug] 退款进入:
[2016-09-18 10:24:01][debug] 抽奖退款进入:
[2016-09-18 10:24:01][debug] 退款完毕:2016-09-18 10:24:01
[2016-09-18 10:24:01][debug] 自动开奖进入:
[2016-09-18 10:24:01][debug] 抽奖退款完毕:2016-09-18 10:24:01
[2016-09-18 10:24:01][debug] 自动开奖结束:2016-09-18 10:24:01
[2016-09-18 10:27:02][debug] 退款进入:
[2016-09-18 10:27:02][debug] 抽奖退款进入:
[2016-09-18 10:27:02][debug] 退款完毕:2016-09-18 10:27:02
[2016-09-18 10:27:02][debug] 自动开奖进入:
[2016-09-18 10:27:02][debug] 抽奖退款完毕:2016-09-18 10:27:02
[2016-09-18 10:27:02][debug] 自动开奖结束:2016-09-18 10:27:02
[2016-09-18 10:30:01][debug] 退款进入:
[2016-09-18 10:30:01][debug] 抽奖退款进入:
[2016-09-18 10:30:01][debug] 退款完毕:2016-09-18 10:30:01
[2016-09-18 10:30:01][debug] 自动开奖进入:
[2016-09-18 10:30:01][debug] 抽奖退款完毕:2016-09-18 10:30:01
[2016-09-18 10:30:01][debug] 自动开奖结束:2016-09-18 10:30:01
[2016-09-18 10:33:01][debug] 抽奖退款进入:
[2016-09-18 10:33:01][debug] 退款进入:
[2016-09-18 10:33:01][debug] 退款完毕:2016-09-18 10:33:01
[2016-09-18 10:33:01][debug] 自动开奖进入:
[2016-09-18 10:33:01][debug] 抽奖退款完毕:2016-09-18 10:33:01
[2016-09-18 10:33:01][debug] 自动开奖结束:2016-09-18 10:33:01
[2016-09-18 10:36:01][debug] 退款进入:
[2016-09-18 10:36:01][debug] 抽奖退款进入:
[2016-09-18 10:36:01][debug] 退款完毕:2016-09-18 10:36:01
[2016-09-18 10:36:01][debug] 自动开奖进入:
[2016-09-18 10:36:01][debug] 自动开奖结束:2016-09-18 10:36:01
[2016-09-18 10:36:01][debug] 抽奖退款完毕:2016-09-18 10:36:01
[2016-09-18 10:39:02][debug] 抽奖退款进入:
[2016-09-18 10:39:02][debug] 退款进入:
[2016-09-18 10:39:02][debug] 抽奖退款完毕:2016-09-18 10:39:02
[2016-09-18 10:39:02][debug] 退款完毕:2016-09-18 10:39:02
[2016-09-18 10:39:02][debug] 自动开奖进入:
[2016-09-18 10:39:02][debug] 自动开奖结束:2016-09-18 10:39:02
[2016-09-18 10:42:01][debug] 退款进入:
[2016-09-18 10:42:01][debug] 抽奖退款进入:
[2016-09-18 10:42:01][debug] 退款完毕:2016-09-18 10:42:01
[2016-09-18 10:42:01][debug] 自动开奖进入:
[2016-09-18 10:42:01][debug] 抽奖退款完毕:2016-09-18 10:42:01
[2016-09-18 10:42:01][debug] 自动开奖结束:2016-09-18 10:42:01
[2016-09-18 10:45:01][debug] 抽奖退款进入:
[2016-09-18 10:45:01][debug] 退款进入:
[2016-09-18 10:45:01][debug] 退款完毕:2016-09-18 10:45:01
[2016-09-18 10:45:01][debug] 自动开奖进入:
[2016-09-18 10:45:01][debug] 抽奖退款完毕:2016-09-18 10:45:01
[2016-09-18 10:45:01][debug] 自动开奖结束:2016-09-18 10:45:01
[2016-09-18 10:48:01][debug] 抽奖退款进入:
[2016-09-18 10:48:01][debug] 退款进入:
[2016-09-18 10:48:01][debug] 抽奖退款完毕:2016-09-18 10:48:01
[2016-09-18 10:48:01][debug] 退款开始:
[2016-09-18 10:51:01][debug] 抽奖退款进入:
[2016-09-18 10:51:01][debug] 退款进入:
[2016-09-18 10:51:01][debug] 退款完毕:2016-09-18 10:51:01
[2016-09-18 10:51:01][debug] 自动开奖进入:
[2016-09-18 10:51:01][debug] 抽奖退款完毕:2016-09-18 10:51:01
[2016-09-18 10:51:01][debug] 自动开奖结束:2016-09-18 10:51:01
[2016-09-18 10:54:01][debug] 退款进入:
[2016-09-18 10:54:01][debug] 抽奖退款进入:
[2016-09-18 10:54:01][debug] 退款完毕:2016-09-18 10:54:01
[2016-09-18 10:54:01][debug] 自动开奖进入:
[2016-09-18 10:54:01][debug] 抽奖退款完毕:2016-09-18 10:54:01
[2016-09-18 10:54:01][debug] 自动开奖结束:2016-09-18 10:54:01
[2016-09-18 10:57:01][debug] 退款进入:
[2016-09-18 10:57:01][debug] 抽奖退款进入:
[2016-09-18 10:57:01][debug] 抽奖退款完毕:2016-09-18 10:57:01
[2016-09-18 10:57:01][debug] 进行中，订单ID ：28
[2016-09-18 10:57:03][debug] 退款失败。原因：交易未结算资金不足，请使用可用余额退款。。退款日志:退款订单号:28,退款金额： 0.2000,退款给：openid=oKcnevoUFAbFwSwUhHmlEzVYSmo8
[2016-09-18 10:57:03][debug] 退款完毕:2016-09-18 10:57:03
[2016-09-18 10:57:03][debug] 自动开奖进入:
[2016-09-18 10:57:03][debug] 自动开奖结束:2016-09-18 10:57:03
[2016-09-18 11:00:02][debug] 抽奖退款进入:
[2016-09-18 11:00:02][debug] 退款进入:
[2016-09-18 11:00:02][debug] 抽奖退款完毕:2016-09-18 11:00:02
[2016-09-18 11:00:02][debug] 退款完毕:2016-09-18 11:00:02
[2016-09-18 11:00:02][debug] 自动开奖进入:
[2016-09-18 11:00:02][debug] 自动开奖结束:2016-09-18 11:00:02
